<?xml version="1.0" encoding="utf-8"?>
<CoverageSession xmlns:xsd="http://www.w3.org/2001/XMLSchema" xmlns:xsi="http://www.w3.org/2001/XMLSchema-instance">
  <Summary numSequencePoints="787" visitedSequencePoints="0" numBranchPoints="365" visitedBranchPoints="0" sequenceCoverage="0" branchCoverage="0" maxCyclomaticComplexity="20" minCyclomaticComplexity="1" visitedClasses="0" numClasses="70" visitedMethods="0" numMethods="253" />
  <Modules>
    <Module skippedDueTo="Filter" hash="6B-FD-F4-02-2D-A1-32-9E-EE-D5-BD-34-EB-7B-26-DE-57-19-B5-DE">
      <ModulePath>c:\Program Files\dotnet\shared\Microsoft.NETCore.App\2.0.5\System.Private.CoreLib.dll</ModulePath>
      <ModuleTime>2017-12-20T21:43:18Z</ModuleTime>
      <ModuleName>System.Private.CoreLib</ModuleName>
      <Classes />
    </Module>
    <Module skippedDueTo="MissingPdb" hash="74-82-BE-FF-0C-F7-84-C8-80-69-7B-93-CA-37-32-DA-E5-A0-15-34">
      <ModulePath>c:\Program Files\dotnet\sdk\2.1.100-preview-007363\dotnet.dll</ModulePath>
      <ModuleTime>2018-02-12T14:52:26Z</ModuleTime>
      <ModuleName>dotnet</ModuleName>
      <Classes />
    </Module>
    <Module skippedDueTo="Filter" hash="41-1F-8E-E9-67-29-F0-15-6D-EB-92-86-91-0B-7E-88-1E-12-8D-0C">
      <ModulePath>c:\Program Files\dotnet\shared\Microsoft.NETCore.App\2.0.5\System.Runtime.dll</ModulePath>
      <ModuleTime>2017-12-20T21:43:16Z</ModuleTime>
      <ModuleName>System.Runtime</ModuleName>
      <Classes />
    </Module>
    <Module skippedDueTo="MissingPdb" hash="49-FC-75-19-25-1F-FE-62-D7-FC-05-F2-65-4E-52-C7-4B-B0-72-33">
      <ModulePath>c:\Program Files\dotnet\sdk\2.1.100-preview-007363\Microsoft.DotNet.Cli.Utils.dll</ModulePath>
      <ModuleTime>2018-02-12T14:52:20Z</ModuleTime>
      <ModuleName>Microsoft.DotNet.Cli.Utils</ModuleName>
      <Classes />
    </Module>
    <Module skippedDueTo="Filter" hash="39-20-64-84-D7-D0-5A-A6-43-87-E7-0D-7F-9A-8C-6B-51-C9-F5-E9">
      <ModulePath>c:\Program Files\dotnet\shared\Microsoft.NETCore.App\2.0.5\System.Runtime.Extensions.dll</ModulePath>
      <ModuleTime>2017-12-20T21:43:16Z</ModuleTime>
      <ModuleName>System.Runtime.Extensions</ModuleName>
      <Classes />
    </Module>
    <Module skippedDueTo="Filter" hash="A1-B2-87-D4-78-17-12-F6-93-F9-84-93-4C-AF-7A-D7-B0-96-20-33">
      <ModulePath>c:\Program Files\dotnet\shared\Microsoft.NETCore.App\2.0.5\System.Runtime.Loader.dll</ModulePath>
      <ModuleTime>2017-12-20T21:43:16Z</ModuleTime>
      <ModuleName>System.Runtime.Loader</ModuleName>
      <Classes />
    </Module>
    <Module skippedDueTo="MissingPdb" hash="9C-5D-B9-AA-94-20-6E-E7-E7-12-27-34-69-DA-C0-1E-4D-71-5F-5F">
      <ModulePath>c:\Program Files\dotnet\sdk\2.1.100-preview-007363\Microsoft.DotNet.PlatformAbstractions.dll</ModulePath>
      <ModuleTime>2018-02-12T14:52:20Z</ModuleTime>
      <ModuleName>Microsoft.DotNet.PlatformAbstractions</ModuleName>
      <Classes />
    </Module>
    <Module skippedDueTo="Filter" hash="EB-D5-85-1D-63-0E-26-A0-A2-87-8B-C7-75-30-5F-1B-02-57-65-64">
      <ModulePath>c:\Program Files\dotnet\shared\Microsoft.NETCore.App\2.0.5\System.Runtime.InteropServices.RuntimeInformation.dll</ModulePath>
      <ModuleTime>2017-12-20T21:43:16Z</ModuleTime>
      <ModuleName>System.Runtime.InteropServices.RuntimeInformation</ModuleName>
      <Classes />
    </Module>
    <Module skippedDueTo="Filter" hash="57-51-2E-09-50-36-05-C8-F5-3A-5E-09-66-60-1C-C9-B9-9B-16-04">
      <ModulePath>c:\Program Files\dotnet\shared\Microsoft.NETCore.App\2.0.5\System.Reflection.dll</ModulePath>
      <ModuleTime>2017-12-20T21:43:16Z</ModuleTime>
      <ModuleName>System.Reflection</ModuleName>
      <Classes />
    </Module>
    <Module skippedDueTo="Filter" hash="63-FD-C6-E8-DB-A7-8A-8E-25-84-B8-B0-B6-62-FF-9D-E2-7E-B9-D0">
      <ModulePath>c:\Program Files\dotnet\shared\Microsoft.NETCore.App\2.0.5\System.Reflection.Extensions.dll</ModulePath>
      <ModuleTime>2017-12-20T21:43:16Z</ModuleTime>
      <ModuleName>System.Reflection.Extensions</ModuleName>
      <Classes />
    </Module>
    <Module skippedDueTo="Filter" hash="B5-05-9F-47-D9-B8-DC-49-D5-D5-06-B6-30-3D-DB-39-94-F8-25-1B">
      <ModulePath>c:\Program Files\dotnet\shared\Microsoft.NETCore.App\2.0.5\System.Runtime.InteropServices.dll</ModulePath>
      <ModuleTime>2017-12-20T21:43:16Z</ModuleTime>
      <ModuleName>System.Runtime.InteropServices</ModuleName>
      <Classes />
    </Module>
    <Module skippedDueTo="Filter" hash="62-96-BF-2C-F9-33-5D-7F-8C-13-D2-55-CA-DA-99-3C-FF-CE-25-63">
      <ModulePath>c:\Program Files\dotnet\shared\Microsoft.NETCore.App\2.0.5\System.IO.FileSystem.dll</ModulePath>
      <ModuleTime>2017-12-20T21:43:14Z</ModuleTime>
      <ModuleName>System.IO.FileSystem</ModuleName>
      <Classes />
    </Module>
    <Module skippedDueTo="Filter" hash="E7-3A-AE-E8-2B-14-3B-97-49-A3-F9-92-72-35-D5-57-E4-F5-5F-5E">
      <ModulePath>c:\Program Files\dotnet\sdk\2.1.100-preview-007363\runtimes\win\lib\netstandard1.3\System.Text.Encoding.CodePages.dll</ModulePath>
      <ModuleTime>2018-02-12T14:51:48Z</ModuleTime>
      <ModuleName>System.Text.Encoding.CodePages</ModuleName>
      <Classes />
    </Module>
    <Module skippedDueTo="Filter" hash="86-38-1F-10-F9-45-4E-1D-E5-CD-9A-E3-1B-A2-C8-15-BC-7F-8D-A8">
      <ModulePath>c:\Program Files\dotnet\shared\Microsoft.NETCore.App\2.0.5\System.Text.Encoding.dll</ModulePath>
      <ModuleTime>2017-12-20T21:43:18Z</ModuleTime>
      <ModuleName>System.Text.Encoding</ModuleName>
      <Classes />
    </Module>
    <Module skippedDueTo="Filter" hash="CD-27-4E-FD-67-2D-90-A9-46-6A-BC-AE-CC-0D-1A-35-51-BA-78-D1">
      <ModulePath>c:\Program Files\dotnet\shared\Microsoft.NETCore.App\2.0.5\System.Collections.dll</ModulePath>
      <ModuleTime>2017-12-20T21:43:14Z</ModuleTime>
      <ModuleName>System.Collections</ModuleName>
      <Classes />
    </Module>
    <Module skippedDueTo="Filter" hash="E6-F9-D6-79-C9-63-36-8C-A9-C1-04-E0-B6-50-AA-09-5B-ED-80-1B">
      <ModulePath>c:\Program Files\dotnet\shared\Microsoft.NETCore.App\2.0.5\System.Threading.dll</ModulePath>
      <ModuleTime>2017-12-20T21:43:18Z</ModuleTime>
      <ModuleName>System.Threading</ModuleName>
      <Classes />
    </Module>
    <Module skippedDueTo="Filter" hash="82-95-DE-D4-D6-42-93-7A-86-68-E5-8F-AF-86-43-C2-89-C3-DE-4E">
      <ModulePath>c:\Program Files\dotnet\shared\Microsoft.NETCore.App\2.0.5\System.Collections.Concurrent.dll</ModulePath>
      <ModuleTime>2017-12-20T21:43:14Z</ModuleTime>
      <ModuleName>System.Collections.Concurrent</ModuleName>
      <Classes />
    </Module>
    <Module skippedDueTo="Filter" hash="E0-CA-FD-F0-0C-6E-52-39-7A-EF-F1-48-E0-CD-C2-9D-E5-79-E6-78">
      <ModulePath>c:\Program Files\dotnet\shared\Microsoft.NETCore.App\2.0.5\System.Threading.Thread.dll</ModulePath>
      <ModuleTime>2017-12-20T21:43:18Z</ModuleTime>
      <ModuleName>System.Threading.Thread</ModuleName>
      <Classes />
    </Module>
    <Module skippedDueTo="MissingPdb" hash="7E-B6-73-0B-5D-9C-83-8C-F5-8B-5D-68-0C-FA-04-35-BE-37-0A-6E">
      <ModulePath>c:\Program Files\dotnet\sdk\2.1.100-preview-007363\Microsoft.DotNet.Configurer.dll</ModulePath>
      <ModuleTime>2018-02-12T14:52:20Z</ModuleTime>
      <ModuleName>Microsoft.DotNet.Configurer</ModuleName>
      <Classes />
    </Module>
    <Module skippedDueTo="Filter" hash="51-C2-8E-5D-FC-F3-88-D1-CD-DE-BB-6D-74-11-AD-D9-4B-1D-A6-88">
      <ModulePath>c:\Program Files\dotnet\shared\Microsoft.NETCore.App\2.0.5\System.Diagnostics.Process.dll</ModulePath>
      <ModuleTime>2017-12-20T21:43:14Z</ModuleTime>
      <ModuleName>System.Diagnostics.Process</ModuleName>
      <Classes />
    </Module>
    <Module skippedDueTo="Filter" hash="11-1D-A8-A9-0E-B7-F5-02-3A-DE-28-0A-99-E7-FF-1C-E9-B7-8F-3D">
      <ModulePath>c:\Program Files\dotnet\shared\Microsoft.NETCore.App\2.0.5\System.Linq.dll</ModulePath>
      <ModuleTime>2017-12-20T21:43:16Z</ModuleTime>
      <ModuleName>System.Linq</ModuleName>
      <Classes />
    </Module>
    <Module skippedDueTo="MissingPdb" hash="E8-D6-2E-86-39-47-A0-24-C1-F9-34-20-21-0D-93-7D-1C-64-E9-43">
      <ModulePath>c:\Program Files\dotnet\sdk\2.1.100-preview-007363\NuGet.Frameworks.dll</ModulePath>
      <ModuleTime>2018-02-12T14:51:54Z</ModuleTime>
      <ModuleName>NuGet.Frameworks</ModuleName>
      <Classes />
    </Module>
    <Module skippedDueTo="MissingPdb" hash="AC-43-01-70-9E-FE-60-E0-97-A7-82-EC-D0-D1-6F-BB-FC-0A-46-91">
      <ModulePath>c:\Program Files\dotnet\sdk\2.1.100-preview-007363\Microsoft.DotNet.Cli.CommandLine.dll</ModulePath>
      <ModuleTime>2018-02-12T14:52:20Z</ModuleTime>
      <ModuleName>Microsoft.DotNet.Cli.CommandLine</ModuleName>
      <Classes />
    </Module>
    <Module skippedDueTo="Filter" hash="CB-5D-AF-E0-6F-08-BA-B5-94-92-31-00-DC-C5-F0-3D-FA-CB-16-78">
      <ModulePath>c:\Program Files\dotnet\shared\Microsoft.NETCore.App\2.0.5\System.Console.dll</ModulePath>
      <ModuleTime>2017-12-20T21:43:14Z</ModuleTime>
      <ModuleName>System.Console</ModuleName>
      <Classes />
    </Module>
    <Module skippedDueTo="MissingPdb" hash="E3-1B-3D-8C-47-2A-F9-A2-57-C7-96-51-25-D9-FB-3A-60-C6-58-30">
      <ModulePath>c:\Program Files\dotnet\sdk\2.1.100-preview-007363\Microsoft.DotNet.InternalAbstractions.dll</ModulePath>
      <ModuleTime>2018-02-12T14:52:20Z</ModuleTime>
      <ModuleName>Microsoft.DotNet.InternalAbstractions</ModuleName>
      <Classes />
    </Module>
    <Module skippedDueTo="Filter" hash="F0-22-19-B7-F6-63-1E-8A-97-BC-E3-A8-0E-86-F3-9E-06-44-E8-01">
      <ModulePath>c:\Program Files\dotnet\shared\Microsoft.NETCore.App\2.0.5\System.IO.FileSystem.Primitives.dll</ModulePath>
      <ModuleTime>2017-12-20T21:43:14Z</ModuleTime>
      <ModuleName>System.IO.FileSystem.Primitives</ModuleName>
      <Classes />
    </Module>
    <Module skippedDueTo="Filter" hash="90-08-AA-86-29-E9-ED-D6-BE-C2-B8-71-67-E3-F2-2A-B8-D7-0F-67">
      <ModulePath>c:\Program Files\dotnet\shared\Microsoft.NETCore.App\2.0.5\System.AppContext.dll</ModulePath>
      <ModuleTime>2017-12-20T21:43:14Z</ModuleTime>
      <ModuleName>System.AppContext</ModuleName>
      <Classes />
    </Module>
    <Module skippedDueTo="Filter" hash="16-8B-5C-B4-09-1A-39-6B-32-EA-F8-67-7F-7B-56-F1-65-00-CF-6C">
      <ModulePath>c:\Program Files\dotnet\shared\Microsoft.NETCore.App\2.0.5\System.IO.dll</ModulePath>
      <ModuleTime>2017-12-20T21:43:14Z</ModuleTime>
      <ModuleName>System.IO</ModuleName>
      <Classes />
    </Module>
    <Module skippedDueTo="Filter" hash="20-A8-DA-AB-DE-0F-5C-1B-25-28-68-80-29-DE-E7-7F-77-D1-60-6F">
      <ModulePath>c:\Program Files\dotnet\shared\Microsoft.NETCore.App\2.0.5\System.Text.Encoding.Extensions.dll</ModulePath>
      <ModuleTime>2017-12-20T21:43:18Z</ModuleTime>
      <ModuleName>System.Text.Encoding.Extensions</ModuleName>
      <Classes />
    </Module>
    <Module skippedDueTo="Filter" hash="9A-70-A6-50-0F-28-79-0D-1F-D8-33-79-CE-2C-B1-CC-DA-2F-9B-10">
      <ModulePath>c:\Program Files\dotnet\shared\Microsoft.NETCore.App\2.0.5\System.Runtime.Handles.dll</ModulePath>
      <ModuleTime>2017-12-20T21:43:16Z</ModuleTime>
      <ModuleName>System.Runtime.Handles</ModuleName>
      <Classes />
    </Module>
    <Module skippedDueTo="MissingPdb" hash="73-3A-D9-42-68-6A-D7-D0-A5-E1-9A-1E-D9-E8-62-27-1F-C4-43-C1">
      <ModulePath>c:\Program Files\dotnet\sdk\2.1.100-preview-007363\Microsoft.ApplicationInsights.dll</ModulePath>
      <ModuleTime>2018-02-12T14:52:20Z</ModuleTime>
      <ModuleName>Microsoft.ApplicationInsights</ModuleName>
      <Classes />
    </Module>
    <Module skippedDueTo="Filter" hash="F0-2A-3E-CE-48-89-A7-70-18-E7-BA-0D-82-2A-77-3B-AE-04-CE-0D">
      <ModulePath>c:\Program Files\dotnet\shared\Microsoft.NETCore.App\2.0.5\System.Xml.XDocument.dll</ModulePath>
      <ModuleTime>2017-12-20T21:43:18Z</ModuleTime>
      <ModuleName>System.Xml.XDocument</ModuleName>
      <Classes />
    </Module>
    <Module skippedDueTo="Filter" hash="0F-E5-54-36-4A-AB-17-3D-8C-8E-60-FB-2F-AD-DF-D5-89-33-3D-32">
      <ModulePath>c:\Program Files\dotnet\shared\Microsoft.NETCore.App\2.0.5\System.Private.Xml.Linq.dll</ModulePath>
      <ModuleTime>2017-12-20T21:43:16Z</ModuleTime>
      <ModuleName>System.Private.Xml.Linq</ModuleName>
      <Classes />
    </Module>
    <Module skippedDueTo="Filter" hash="60-90-01-7F-22-26-A1-16-2A-38-12-04-3D-D9-3D-90-D0-D0-4A-29">
      <ModulePath>c:\Program Files\dotnet\shared\Microsoft.NETCore.App\2.0.5\System.Security.Cryptography.Algorithms.dll</ModulePath>
      <ModuleTime>2017-12-20T21:43:16Z</ModuleTime>
      <ModuleName>System.Security.Cryptography.Algorithms</ModuleName>
      <Classes />
    </Module>
    <Module skippedDueTo="Filter" hash="47-5E-28-B2-AE-0D-E4-88-2D-81-90-A5-7C-CF-70-19-97-25-75-51">
      <ModulePath>c:\Program Files\dotnet\shared\Microsoft.NETCore.App\2.0.5\System.Security.Cryptography.Primitives.dll</ModulePath>
      <ModuleTime>2017-12-20T21:43:16Z</ModuleTime>
      <ModuleName>System.Security.Cryptography.Primitives</ModuleName>
      <Classes />
    </Module>
    <Module skippedDueTo="Filter" hash="15-84-CE-11-DD-24-30-6C-BA-9A-E0-EA-17-33-E2-DC-4B-77-8C-A6">
      <ModulePath>c:\Program Files\dotnet\shared\Microsoft.NETCore.App\2.0.5\System.Private.Xml.dll</ModulePath>
      <ModuleTime>2017-12-20T21:43:16Z</ModuleTime>
      <ModuleName>System.Private.Xml</ModuleName>
      <Classes />
    </Module>
    <Module skippedDueTo="Filter" hash="35-F5-AE-30-21-12-A3-3B-04-7D-44-88-0F-99-2F-E5-EB-9A-C8-A5">
      <ModulePath>c:\Program Files\dotnet\shared\Microsoft.NETCore.App\2.0.5\System.Text.RegularExpressions.dll</ModulePath>
      <ModuleTime>2017-12-20T21:43:18Z</ModuleTime>
      <ModuleName>System.Text.RegularExpressions</ModuleName>
      <Classes />
    </Module>
    <Module skippedDueTo="Filter" hash="3A-5B-10-CD-6F-9C-A6-09-E7-EB-30-7C-FA-E0-3E-E6-D8-AE-D2-AE">
      <ModulePath>c:\Program Files\dotnet\shared\Microsoft.NETCore.App\2.0.5\System.Xml.ReaderWriter.dll</ModulePath>
      <ModuleTime>2017-12-20T21:43:18Z</ModuleTime>
      <ModuleName>System.Xml.ReaderWriter</ModuleName>
      <Classes />
    </Module>
    <Module skippedDueTo="Filter" hash="93-6F-E7-9E-71-4C-2E-6B-3D-36-8A-37-76-77-D8-66-84-44-B2-15">
      <ModulePath>c:\Program Files\dotnet\shared\Microsoft.NETCore.App\2.0.5\System.Diagnostics.Tracing.dll</ModulePath>
      <ModuleTime>2017-12-20T21:43:14Z</ModuleTime>
      <ModuleName>System.Diagnostics.Tracing</ModuleName>
      <Classes />
    </Module>
    <Module skippedDueTo="Filter" hash="63-9F-D2-08-25-C0-01-C1-35-4A-0E-AC-D8-A9-2B-84-82-52-B0-5C">
      <ModulePath>c:\Program Files\dotnet\shared\Microsoft.NETCore.App\2.0.5\System.Private.Uri.dll</ModulePath>
      <ModuleTime>2017-12-20T21:43:16Z</ModuleTime>
      <ModuleName>System.Private.Uri</ModuleName>
      <Classes />
    </Module>
    <Module skippedDueTo="Filter" hash="8A-C1-C1-60-CF-62-87-A7-80-01-01-C3-2D-DD-BB-15-43-80-F8-80">
      <ModulePath>c:\Program Files\dotnet\shared\Microsoft.NETCore.App\2.0.5\System.Threading.Tasks.dll</ModulePath>
      <ModuleTime>2017-12-20T21:43:18Z</ModuleTime>
      <ModuleName>System.Threading.Tasks</ModuleName>
      <Classes />
    </Module>
    <Module skippedDueTo="Filter" hash="27-FF-EA-22-FA-1B-89-4C-8C-CB-93-D8-4D-E5-1F-34-F6-8A-6B-CE">
      <ModulePath>c:\Program Files\dotnet\shared\Microsoft.NETCore.App\2.0.5\System.Globalization.dll</ModulePath>
      <ModuleTime>2017-12-20T21:43:14Z</ModuleTime>
      <ModuleName>System.Globalization</ModuleName>
      <Classes />
    </Module>
    <Module skippedDueTo="Filter" hash="16-A3-A2-20-FF-D0-10-40-9D-3F-07-7F-3D-B1-23-42-5F-91-7C-7F">
      <ModulePath>c:\Program Files\dotnet\shared\Microsoft.NETCore.App\2.0.5\System.Resources.ResourceManager.dll</ModulePath>
      <ModuleTime>2017-12-20T21:43:16Z</ModuleTime>
      <ModuleName>System.Resources.ResourceManager</ModuleName>
      <Classes />
    </Module>
    <Module skippedDueTo="Filter" hash="80-89-49-93-1B-92-6F-A7-B8-49-15-50-6C-10-DB-08-8B-F6-A2-7F">
      <ModulePath>c:\Program Files\dotnet\shared\Microsoft.NETCore.App\2.0.5\System.Diagnostics.Tools.dll</ModulePath>
      <ModuleTime>2017-12-20T21:43:14Z</ModuleTime>
      <ModuleName>System.Diagnostics.Tools</ModuleName>
      <Classes />
    </Module>
    <Module skippedDueTo="Filter" hash="83-4E-45-08-D9-46-CD-BA-0B-6A-F1-CE-46-49-B1-9B-9F-78-A4-6C">
      <ModulePath>c:\Program Files\dotnet\shared\Microsoft.NETCore.App\2.0.5\System.Diagnostics.Debug.dll</ModulePath>
      <ModuleTime>2017-12-20T21:43:14Z</ModuleTime>
      <ModuleName>System.Diagnostics.Debug</ModuleName>
      <Classes />
    </Module>
    <Module skippedDueTo="Filter" hash="CF-0F-2E-6F-9B-B7-12-11-98-69-F1-49-21-8B-35-D1-75-E5-25-65">
      <ModulePath>c:\Program Files\dotnet\shared\Microsoft.NETCore.App\2.0.5\System.IO.Compression.dll</ModulePath>
      <ModuleTime>2017-12-20T21:43:14Z</ModuleTime>
      <ModuleName>System.IO.Compression</ModuleName>
      <Classes />
    </Module>
    <Module skippedDueTo="Filter" hash="F7-33-16-81-3D-87-54-05-5E-D8-A2-98-44-D5-DB-0C-A0-29-71-38">
      <ModulePath>c:\Program Files\dotnet\shared\Microsoft.NETCore.App\2.0.5\System.Buffers.dll</ModulePath>
      <ModuleTime>2017-12-20T21:43:14Z</ModuleTime>
      <ModuleName>System.Buffers</ModuleName>
      <Classes />
    </Module>
    <Module skippedDueTo="MissingPdb" hash="78-7F-44-CE-F5-92-05-B7-DF-82-38-F5-64-1C-0A-10-F4-64-10-DC">
      <ModulePath>c:\Program Files\dotnet\sdk\2.1.100-preview-007363\Microsoft.Build.Utilities.Core.dll</ModulePath>
      <ModuleTime>2018-02-12T14:52:20Z</ModuleTime>
      <ModuleName>Microsoft.Build.Utilities.Core</ModuleName>
      <Classes />
    </Module>
    <Module skippedDueTo="MissingPdb" hash="9A-DD-11-02-21-31-07-0B-D8-2C-8D-83-BE-A5-35-1A-05-37-9A-72">
      <ModulePath>c:\Program Files\dotnet\sdk\2.1.100-preview-007363\Microsoft.Build.Framework.dll</ModulePath>
      <ModuleTime>2018-02-12T14:52:18Z</ModuleTime>
      <ModuleName>Microsoft.Build.Framework</ModuleName>
      <Classes />
    </Module>
    <Module skippedDueTo="Filter" hash="D9-7F-DA-4C-A6-F9-66-9D-7C-99-6A-18-05-86-52-E9-60-8D-0B-5D">
      <ModulePath>c:\Program Files\dotnet\shared\Microsoft.NETCore.App\2.0.5\System.Reflection.TypeExtensions.dll</ModulePath>
      <ModuleTime>2017-12-20T21:43:16Z</ModuleTime>
      <ModuleName>System.Reflection.TypeExtensions</ModuleName>
      <Classes />
    </Module>
    <Module skippedDueTo="Filter" hash="59-79-BF-C6-55-95-25-23-9C-DD-24-DA-96-B7-62-16-22-49-2F-D4">
      <ModulePath>c:\Program Files\dotnet\shared\Microsoft.NETCore.App\2.0.5\System.Net.Http.dll</ModulePath>
      <ModuleTime>2017-12-20T21:43:16Z</ModuleTime>
      <ModuleName>System.Net.Http</ModuleName>
      <Classes />
    </Module>
    <Module skippedDueTo="Filter" hash="09-C8-71-E7-F6-68-C3-70-8C-E9-4A-97-5C-91-E8-8C-68-4F-BD-67">
      <ModulePath>c:\Program Files\dotnet\shared\Microsoft.NETCore.App\2.0.5\System.ComponentModel.Primitives.dll</ModulePath>
      <ModuleTime>2017-12-20T21:43:14Z</ModuleTime>
      <ModuleName>System.ComponentModel.Primitives</ModuleName>
      <Classes />
    </Module>
    <Module skippedDueTo="Filter" hash="BC-C8-59-55-D4-A5-E8-D3-F8-01-77-2F-30-AC-25-F1-41-F7-A9-CB">
      <ModulePath>c:\Program Files\dotnet\shared\Microsoft.NETCore.App\2.0.5\System.Net.Primitives.dll</ModulePath>
      <ModuleTime>2017-12-20T21:43:16Z</ModuleTime>
      <ModuleName>System.Net.Primitives</ModuleName>
      <Classes />
    </Module>
    <Module skippedDueTo="MissingPdb" hash="B0-2D-50-81-B2-E4-8F-1F-DD-64-EA-16-5C-E2-85-D2-C6-9F-C1-DA">
      <ModulePath>c:\Program Files\dotnet\shared\Microsoft.NETCore.App\2.0.5\Microsoft.Win32.Primitives.dll</ModulePath>
      <ModuleTime>2017-12-20T21:43:14Z</ModuleTime>
      <ModuleName>Microsoft.Win32.Primitives</ModuleName>
      <Classes />
    </Module>
    <Module skippedDueTo="Filter" hash="1A-70-99-28-23-C7-02-29-07-AA-AF-B2-FD-30-AF-B6-57-D3-C7-33">
      <ModulePath>c:\Program Files\dotnet\shared\Microsoft.NETCore.App\2.0.5\System.Diagnostics.DiagnosticSource.dll</ModulePath>
      <ModuleTime>2017-12-20T21:43:14Z</ModuleTime>
      <ModuleName>System.Diagnostics.DiagnosticSource</ModuleName>
      <Classes />
    </Module>
    <Module skippedDueTo="Filter" hash="42-A3-C1-B6-BD-30-D8-AB-64-EF-2E-1C-B1-4B-4F-B8-AB-37-70-9B">
      <ModulePath>c:\Program Files\dotnet\shared\Microsoft.NETCore.App\2.0.5\System.Security.Cryptography.X509Certificates.dll</ModulePath>
      <ModuleTime>2017-12-20T21:43:16Z</ModuleTime>
      <ModuleName>System.Security.Cryptography.X509Certificates</ModuleName>
      <Classes />
    </Module>
    <Module skippedDueTo="Filter" hash="31-3F-28-D7-F6-F8-07-E2-5B-6C-5B-9A-4D-62-A4-8E-04-C7-6A-70">
      <ModulePath>c:\Program Files\dotnet\shared\Microsoft.NETCore.App\2.0.5\System.Collections.NonGeneric.dll</ModulePath>
      <ModuleTime>2017-12-20T21:43:14Z</ModuleTime>
      <ModuleName>System.Collections.NonGeneric</ModuleName>
      <Classes />
    </Module>
    <Module skippedDueTo="Filter" hash="6B-FD-F4-02-2D-A1-32-9E-EE-D5-BD-34-EB-7B-26-DE-57-19-B5-DE">
      <ModulePath>c:\Program Files\dotnet\shared\Microsoft.NETCore.App\2.0.5\System.Private.CoreLib.dll</ModulePath>
      <ModuleTime>2017-12-20T21:43:18Z</ModuleTime>
      <ModuleName>System.Private.CoreLib</ModuleName>
      <Classes />
    </Module>
    <Module skippedDueTo="MissingPdb" hash="D8-8A-A9-2A-4A-F2-35-F4-59-BE-EB-2D-E2-C1-1E-3D-7A-42-38-40">
      <ModulePath>c:\Program Files\dotnet\sdk\2.1.100-preview-007363\MSBuild.dll</ModulePath>
      <ModuleTime>2018-02-12T14:51:46Z</ModuleTime>
      <ModuleName>MSBuild</ModuleName>
      <Classes />
    </Module>
    <Module skippedDueTo="Filter" hash="41-1F-8E-E9-67-29-F0-15-6D-EB-92-86-91-0B-7E-88-1E-12-8D-0C">
      <ModulePath>c:\Program Files\dotnet\shared\Microsoft.NETCore.App\2.0.5\System.Runtime.dll</ModulePath>
      <ModuleTime>2017-12-20T21:43:16Z</ModuleTime>
      <ModuleName>System.Runtime</ModuleName>
      <Classes />
    </Module>
    <Module skippedDueTo="Filter" hash="39-20-64-84-D7-D0-5A-A6-43-87-E7-0D-7F-9A-8C-6B-51-C9-F5-E9">
      <ModulePath>c:\Program Files\dotnet\shared\Microsoft.NETCore.App\2.0.5\System.Runtime.Extensions.dll</ModulePath>
      <ModuleTime>2017-12-20T21:43:16Z</ModuleTime>
      <ModuleName>System.Runtime.Extensions</ModuleName>
      <Classes />
    </Module>
    <Module skippedDueTo="Filter" hash="E6-F9-D6-79-C9-63-36-8C-A9-C1-04-E0-B6-50-AA-09-5B-ED-80-1B">
      <ModulePath>c:\Program Files\dotnet\shared\Microsoft.NETCore.App\2.0.5\System.Threading.dll</ModulePath>
      <ModuleTime>2017-12-20T21:43:18Z</ModuleTime>
      <ModuleName>System.Threading</ModuleName>
      <Classes />
    </Module>
    <Module skippedDueTo="Filter" hash="57-51-2E-09-50-36-05-C8-F5-3A-5E-09-66-60-1C-C9-B9-9B-16-04">
      <ModulePath>c:\Program Files\dotnet\shared\Microsoft.NETCore.App\2.0.5\System.Reflection.dll</ModulePath>
      <ModuleTime>2017-12-20T21:43:16Z</ModuleTime>
      <ModuleName>System.Reflection</ModuleName>
      <Classes />
    </Module>
    <Module skippedDueTo="Filter" hash="D9-7F-DA-4C-A6-F9-66-9D-7C-99-6A-18-05-86-52-E9-60-8D-0B-5D">
      <ModulePath>c:\Program Files\dotnet\shared\Microsoft.NETCore.App\2.0.5\System.Reflection.TypeExtensions.dll</ModulePath>
      <ModuleTime>2017-12-20T21:43:16Z</ModuleTime>
      <ModuleName>System.Reflection.TypeExtensions</ModuleName>
      <Classes />
    </Module>
    <Module skippedDueTo="Filter" hash="27-FF-EA-22-FA-1B-89-4C-8C-CB-93-D8-4D-E5-1F-34-F6-8A-6B-CE">
      <ModulePath>c:\Program Files\dotnet\shared\Microsoft.NETCore.App\2.0.5\System.Globalization.dll</ModulePath>
      <ModuleTime>2017-12-20T21:43:14Z</ModuleTime>
      <ModuleName>System.Globalization</ModuleName>
      <Classes />
    </Module>
    <Module skippedDueTo="Filter" hash="62-96-BF-2C-F9-33-5D-7F-8C-13-D2-55-CA-DA-99-3C-FF-CE-25-63">
      <ModulePath>c:\Program Files\dotnet\shared\Microsoft.NETCore.App\2.0.5\System.IO.FileSystem.dll</ModulePath>
      <ModuleTime>2017-12-20T21:43:14Z</ModuleTime>
      <ModuleName>System.IO.FileSystem</ModuleName>
      <Classes />
    </Module>
    <Module skippedDueTo="Filter" hash="11-1D-A8-A9-0E-B7-F5-02-3A-DE-28-0A-99-E7-FF-1C-E9-B7-8F-3D">
      <ModulePath>c:\Program Files\dotnet\shared\Microsoft.NETCore.App\2.0.5\System.Linq.dll</ModulePath>
      <ModuleTime>2017-12-20T21:43:16Z</ModuleTime>
      <ModuleName>System.Linq</ModuleName>
      <Classes />
    </Module>
    <Module skippedDueTo="Filter" hash="35-F5-AE-30-21-12-A3-3B-04-7D-44-88-0F-99-2F-E5-EB-9A-C8-A5">
      <ModulePath>c:\Program Files\dotnet\shared\Microsoft.NETCore.App\2.0.5\System.Text.RegularExpressions.dll</ModulePath>
      <ModuleTime>2017-12-20T21:43:18Z</ModuleTime>
      <ModuleName>System.Text.RegularExpressions</ModuleName>
      <Classes />
    </Module>
    <Module skippedDueTo="Filter" hash="EB-D5-85-1D-63-0E-26-A0-A2-87-8B-C7-75-30-5F-1B-02-57-65-64">
      <ModulePath>c:\Program Files\dotnet\shared\Microsoft.NETCore.App\2.0.5\System.Runtime.InteropServices.RuntimeInformation.dll</ModulePath>
      <ModuleTime>2017-12-20T21:43:16Z</ModuleTime>
      <ModuleName>System.Runtime.InteropServices.RuntimeInformation</ModuleName>
      <Classes />
    </Module>
    <Module skippedDueTo="Filter" hash="CD-27-4E-FD-67-2D-90-A9-46-6A-BC-AE-CC-0D-1A-35-51-BA-78-D1">
      <ModulePath>c:\Program Files\dotnet\shared\Microsoft.NETCore.App\2.0.5\System.Collections.dll</ModulePath>
      <ModuleTime>2017-12-20T21:43:14Z</ModuleTime>
      <ModuleName>System.Collections</ModuleName>
      <Classes />
    </Module>
    <Module skippedDueTo="Filter" hash="B5-05-9F-47-D9-B8-DC-49-D5-D5-06-B6-30-3D-DB-39-94-F8-25-1B">
      <ModulePath>c:\Program Files\dotnet\shared\Microsoft.NETCore.App\2.0.5\System.Runtime.InteropServices.dll</ModulePath>
      <ModuleTime>2017-12-20T21:43:16Z</ModuleTime>
      <ModuleName>System.Runtime.InteropServices</ModuleName>
      <Classes />
    </Module>
    <Module skippedDueTo="Filter" hash="CB-5D-AF-E0-6F-08-BA-B5-94-92-31-00-DC-C5-F0-3D-FA-CB-16-78">
      <ModulePath>c:\Program Files\dotnet\shared\Microsoft.NETCore.App\2.0.5\System.Console.dll</ModulePath>
      <ModuleTime>2017-12-20T21:43:14Z</ModuleTime>
      <ModuleName>System.Console</ModuleName>
      <Classes />
    </Module>
    <Module skippedDueTo="Filter" hash="51-C2-8E-5D-FC-F3-88-D1-CD-DE-BB-6D-74-11-AD-D9-4B-1D-A6-88">
      <ModulePath>c:\Program Files\dotnet\shared\Microsoft.NETCore.App\2.0.5\System.Diagnostics.Process.dll</ModulePath>
      <ModuleTime>2017-12-20T21:43:14Z</ModuleTime>
      <ModuleName>System.Diagnostics.Process</ModuleName>
      <Classes />
    </Module>
    <Module skippedDueTo="Filter" hash="09-C8-71-E7-F6-68-C3-70-8C-E9-4A-97-5C-91-E8-8C-68-4F-BD-67">
      <ModulePath>c:\Program Files\dotnet\shared\Microsoft.NETCore.App\2.0.5\System.ComponentModel.Primitives.dll</ModulePath>
      <ModuleTime>2017-12-20T21:43:14Z</ModuleTime>
      <ModuleName>System.ComponentModel.Primitives</ModuleName>
      <Classes />
    </Module>
    <Module skippedDueTo="MissingPdb" hash="9A-DD-11-02-21-31-07-0B-D8-2C-8D-83-BE-A5-35-1A-05-37-9A-72">
      <ModulePath>c:\Program Files\dotnet\sdk\2.1.100-preview-007363\Microsoft.Build.Framework.dll</ModulePath>
      <ModuleTime>2018-02-12T14:52:18Z</ModuleTime>
      <ModuleName>Microsoft.Build.Framework</ModuleName>
      <Classes />
    </Module>
    <Module skippedDueTo="Filter" hash="16-8B-5C-B4-09-1A-39-6B-32-EA-F8-67-7F-7B-56-F1-65-00-CF-6C">
      <ModulePath>c:\Program Files\dotnet\shared\Microsoft.NETCore.App\2.0.5\System.IO.dll</ModulePath>
      <ModuleTime>2017-12-20T21:43:14Z</ModuleTime>
      <ModuleName>System.IO</ModuleName>
      <Classes />
    </Module>
    <Module skippedDueTo="MissingPdb" hash="C2-31-0C-1B-8E-B4-6F-88-F9-4E-26-D7-9E-0E-F5-50-89-A4-31-81">
      <ModulePath>c:\Program Files\dotnet\sdk\2.1.100-preview-007363\Microsoft.Build.dll</ModulePath>
      <ModuleTime>2018-02-12T14:52:20Z</ModuleTime>
      <ModuleName>Microsoft.Build</ModuleName>
      <Classes />
    </Module>
    <Module skippedDueTo="Filter" hash="E7-3A-AE-E8-2B-14-3B-97-49-A3-F9-92-72-35-D5-57-E4-F5-5F-5E">
      <ModulePath>c:\Program Files\dotnet\sdk\2.1.100-preview-007363\runtimes\win\lib\netstandard1.3\System.Text.Encoding.CodePages.dll</ModulePath>
      <ModuleTime>2018-02-12T14:51:48Z</ModuleTime>
      <ModuleName>System.Text.Encoding.CodePages</ModuleName>
      <Classes />
    </Module>
    <Module skippedDueTo="Filter" hash="86-38-1F-10-F9-45-4E-1D-E5-CD-9A-E3-1B-A2-C8-15-BC-7F-8D-A8">
      <ModulePath>c:\Program Files\dotnet\shared\Microsoft.NETCore.App\2.0.5\System.Text.Encoding.dll</ModulePath>
      <ModuleTime>2017-12-20T21:43:18Z</ModuleTime>
      <ModuleName>System.Text.Encoding</ModuleName>
      <Classes />
    </Module>
    <Module skippedDueTo="Filter" hash="31-3F-28-D7-F6-F8-07-E2-5B-6C-5B-9A-4D-62-A4-8E-04-C7-6A-70">
      <ModulePath>c:\Program Files\dotnet\shared\Microsoft.NETCore.App\2.0.5\System.Collections.NonGeneric.dll</ModulePath>
      <ModuleTime>2017-12-20T21:43:14Z</ModuleTime>
      <ModuleName>System.Collections.NonGeneric</ModuleName>
      <Classes />
    </Module>
    <Module skippedDueTo="Filter" hash="F9-45-DE-00-A8-2B-35-9F-C0-DA-2E-57-3E-48-42-F4-BD-43-6C-C7">
      <ModulePath>c:\Program Files\dotnet\shared\Microsoft.NETCore.App\2.0.5\System.Diagnostics.FileVersionInfo.dll</ModulePath>
      <ModuleTime>2017-12-20T21:43:14Z</ModuleTime>
      <ModuleName>System.Diagnostics.FileVersionInfo</ModuleName>
      <Classes />
    </Module>
    <Module skippedDueTo="Filter" hash="16-A3-A2-20-FF-D0-10-40-9D-3F-07-7F-3D-B1-23-42-5F-91-7C-7F">
      <ModulePath>c:\Program Files\dotnet\shared\Microsoft.NETCore.App\2.0.5\System.Resources.ResourceManager.dll</ModulePath>
      <ModuleTime>2017-12-20T21:43:16Z</ModuleTime>
      <ModuleName>System.Resources.ResourceManager</ModuleName>
      <Classes />
    </Module>
    <Module skippedDueTo="Filter" hash="20-A8-DA-AB-DE-0F-5C-1B-25-28-68-80-29-DE-E7-7F-77-D1-60-6F">
      <ModulePath>c:\Program Files\dotnet\shared\Microsoft.NETCore.App\2.0.5\System.Text.Encoding.Extensions.dll</ModulePath>
      <ModuleTime>2017-12-20T21:43:18Z</ModuleTime>
      <ModuleName>System.Text.Encoding.Extensions</ModuleName>
      <Classes />
    </Module>
    <Module skippedDueTo="Filter" hash="9A-70-A6-50-0F-28-79-0D-1F-D8-33-79-CE-2C-B1-CC-DA-2F-9B-10">
      <ModulePath>c:\Program Files\dotnet\shared\Microsoft.NETCore.App\2.0.5\System.Runtime.Handles.dll</ModulePath>
      <ModuleTime>2017-12-20T21:43:16Z</ModuleTime>
      <ModuleName>System.Runtime.Handles</ModuleName>
      <Classes />
    </Module>
    <Module skippedDueTo="Filter" hash="82-95-DE-D4-D6-42-93-7A-86-68-E5-8F-AF-86-43-C2-89-C3-DE-4E">
      <ModulePath>c:\Program Files\dotnet\shared\Microsoft.NETCore.App\2.0.5\System.Collections.Concurrent.dll</ModulePath>
      <ModuleTime>2017-12-20T21:43:14Z</ModuleTime>
      <ModuleName>System.Collections.Concurrent</ModuleName>
      <Classes />
    </Module>
    <Module skippedDueTo="MissingPdb" hash="74-82-BE-FF-0C-F7-84-C8-80-69-7B-93-CA-37-32-DA-E5-A0-15-34">
      <ModulePath>c:\Program Files\dotnet\sdk\2.1.100-preview-007363\dotnet.dll</ModulePath>
      <ModuleTime>2018-02-12T14:52:26Z</ModuleTime>
      <ModuleName>dotnet</ModuleName>
      <Classes />
    </Module>
    <Module skippedDueTo="MissingPdb" hash="78-7F-44-CE-F5-92-05-B7-DF-82-38-F5-64-1C-0A-10-F4-64-10-DC">
      <ModulePath>c:\Program Files\dotnet\sdk\2.1.100-preview-007363\Microsoft.Build.Utilities.Core.dll</ModulePath>
      <ModuleTime>2018-02-12T14:52:20Z</ModuleTime>
      <ModuleName>Microsoft.Build.Utilities.Core</ModuleName>
      <Classes />
    </Module>
    <Module skippedDueTo="MissingPdb" hash="00-FA-32-0B-62-20-78-8B-6D-F7-86-A2-0E-C5-0D-4D-D1-DB-73-93">
      <ModulePath>c:\Program Files\dotnet\sdk\2.1.100-preview-007363\Microsoft.DotNet.Tools.MigrateCommand.dll</ModulePath>
      <ModuleTime>2018-02-12T14:52:20Z</ModuleTime>
      <ModuleName>Microsoft.DotNet.Tools.MigrateCommand</ModuleName>
      <Classes />
    </Module>
    <Module skippedDueTo="MissingPdb" hash="49-FC-75-19-25-1F-FE-62-D7-FC-05-F2-65-4E-52-C7-4B-B0-72-33">
      <ModulePath>c:\Program Files\dotnet\sdk\2.1.100-preview-007363\Microsoft.DotNet.Cli.Utils.dll</ModulePath>
      <ModuleTime>2018-02-12T14:52:20Z</ModuleTime>
      <ModuleName>Microsoft.DotNet.Cli.Utils</ModuleName>
      <Classes />
    </Module>
    <Module skippedDueTo="MissingPdb" hash="E8-D6-2E-86-39-47-A0-24-C1-F9-34-20-21-0D-93-7D-1C-64-E9-43">
      <ModulePath>c:\Program Files\dotnet\sdk\2.1.100-preview-007363\NuGet.Frameworks.dll</ModulePath>
      <ModuleTime>2018-02-12T14:51:54Z</ModuleTime>
      <ModuleName>NuGet.Frameworks</ModuleName>
      <Classes />
    </Module>
    <Module skippedDueTo="Filter" hash="63-FD-C6-E8-DB-A7-8A-8E-25-84-B8-B0-B6-62-FF-9D-E2-7E-B9-D0">
      <ModulePath>c:\Program Files\dotnet\shared\Microsoft.NETCore.App\2.0.5\System.Reflection.Extensions.dll</ModulePath>
      <ModuleTime>2017-12-20T21:43:16Z</ModuleTime>
      <ModuleName>System.Reflection.Extensions</ModuleName>
      <Classes />
    </Module>
    <Module skippedDueTo="MissingPdb" hash="7E-B6-73-0B-5D-9C-83-8C-F5-8B-5D-68-0C-FA-04-35-BE-37-0A-6E">
      <ModulePath>c:\Program Files\dotnet\sdk\2.1.100-preview-007363\Microsoft.DotNet.Configurer.dll</ModulePath>
      <ModuleTime>2018-02-12T14:52:20Z</ModuleTime>
      <ModuleName>Microsoft.DotNet.Configurer</ModuleName>
      <Classes />
    </Module>
    <Module skippedDueTo="MissingPdb" hash="E3-1B-3D-8C-47-2A-F9-A2-57-C7-96-51-25-D9-FB-3A-60-C6-58-30">
      <ModulePath>c:\Program Files\dotnet\sdk\2.1.100-preview-007363\Microsoft.DotNet.InternalAbstractions.dll</ModulePath>
      <ModuleTime>2018-02-12T14:52:20Z</ModuleTime>
      <ModuleName>Microsoft.DotNet.InternalAbstractions</ModuleName>
      <Classes />
    </Module>
    <Module skippedDueTo="Filter" hash="F0-22-19-B7-F6-63-1E-8A-97-BC-E3-A8-0E-86-F3-9E-06-44-E8-01">
      <ModulePath>c:\Program Files\dotnet\shared\Microsoft.NETCore.App\2.0.5\System.IO.FileSystem.Primitives.dll</ModulePath>
      <ModuleTime>2017-12-20T21:43:14Z</ModuleTime>
      <ModuleName>System.IO.FileSystem.Primitives</ModuleName>
      <Classes />
    </Module>
    <Module skippedDueTo="MissingPdb" hash="73-3A-D9-42-68-6A-D7-D0-A5-E1-9A-1E-D9-E8-62-27-1F-C4-43-C1">
      <ModulePath>c:\Program Files\dotnet\sdk\2.1.100-preview-007363\Microsoft.ApplicationInsights.dll</ModulePath>
      <ModuleTime>2018-02-12T14:52:20Z</ModuleTime>
      <ModuleName>Microsoft.ApplicationInsights</ModuleName>
      <Classes />
    </Module>
    <Module skippedDueTo="MissingPdb" hash="9C-5D-B9-AA-94-20-6E-E7-E7-12-27-34-69-DA-C0-1E-4D-71-5F-5F">
      <ModulePath>c:\Program Files\dotnet\sdk\2.1.100-preview-007363\Microsoft.DotNet.PlatformAbstractions.dll</ModulePath>
      <ModuleTime>2018-02-12T14:52:20Z</ModuleTime>
      <ModuleName>Microsoft.DotNet.PlatformAbstractions</ModuleName>
      <Classes />
    </Module>
    <Module skippedDueTo="Filter" hash="F0-2A-3E-CE-48-89-A7-70-18-E7-BA-0D-82-2A-77-3B-AE-04-CE-0D">
      <ModulePath>c:\Program Files\dotnet\shared\Microsoft.NETCore.App\2.0.5\System.Xml.XDocument.dll</ModulePath>
      <ModuleTime>2017-12-20T21:43:18Z</ModuleTime>
      <ModuleName>System.Xml.XDocument</ModuleName>
      <Classes />
    </Module>
    <Module skippedDueTo="Filter" hash="0F-E5-54-36-4A-AB-17-3D-8C-8E-60-FB-2F-AD-DF-D5-89-33-3D-32">
      <ModulePath>c:\Program Files\dotnet\shared\Microsoft.NETCore.App\2.0.5\System.Private.Xml.Linq.dll</ModulePath>
      <ModuleTime>2017-12-20T21:43:16Z</ModuleTime>
      <ModuleName>System.Private.Xml.Linq</ModuleName>
      <Classes />
    </Module>
    <Module skippedDueTo="Filter" hash="15-84-CE-11-DD-24-30-6C-BA-9A-E0-EA-17-33-E2-DC-4B-77-8C-A6">
      <ModulePath>c:\Program Files\dotnet\shared\Microsoft.NETCore.App\2.0.5\System.Private.Xml.dll</ModulePath>
      <ModuleTime>2017-12-20T21:43:16Z</ModuleTime>
      <ModuleName>System.Private.Xml</ModuleName>
      <Classes />
    </Module>
    <Module skippedDueTo="Filter" hash="3A-5B-10-CD-6F-9C-A6-09-E7-EB-30-7C-FA-E0-3E-E6-D8-AE-D2-AE">
      <ModulePath>c:\Program Files\dotnet\shared\Microsoft.NETCore.App\2.0.5\System.Xml.ReaderWriter.dll</ModulePath>
      <ModuleTime>2017-12-20T21:43:18Z</ModuleTime>
      <ModuleName>System.Xml.ReaderWriter</ModuleName>
      <Classes />
    </Module>
    <Module skippedDueTo="Filter" hash="93-6F-E7-9E-71-4C-2E-6B-3D-36-8A-37-76-77-D8-66-84-44-B2-15">
      <ModulePath>c:\Program Files\dotnet\shared\Microsoft.NETCore.App\2.0.5\System.Diagnostics.Tracing.dll</ModulePath>
      <ModuleTime>2017-12-20T21:43:14Z</ModuleTime>
      <ModuleName>System.Diagnostics.Tracing</ModuleName>
      <Classes />
    </Module>
    <Module skippedDueTo="Filter" hash="63-9F-D2-08-25-C0-01-C1-35-4A-0E-AC-D8-A9-2B-84-82-52-B0-5C">
      <ModulePath>c:\Program Files\dotnet\shared\Microsoft.NETCore.App\2.0.5\System.Private.Uri.dll</ModulePath>
      <ModuleTime>2017-12-20T21:43:16Z</ModuleTime>
      <ModuleName>System.Private.Uri</ModuleName>
      <Classes />
    </Module>
    <Module skippedDueTo="Filter" hash="8A-C1-C1-60-CF-62-87-A7-80-01-01-C3-2D-DD-BB-15-43-80-F8-80">
      <ModulePath>c:\Program Files\dotnet\shared\Microsoft.NETCore.App\2.0.5\System.Threading.Tasks.dll</ModulePath>
      <ModuleTime>2017-12-20T21:43:18Z</ModuleTime>
      <ModuleName>System.Threading.Tasks</ModuleName>
      <Classes />
    </Module>
    <Module skippedDueTo="Filter" hash="36-18-90-38-AF-FF-9C-6F-4A-19-8E-15-21-40-35-4F-9F-F0-D8-0E">
      <ModulePath>c:\Program Files\dotnet\shared\Microsoft.NETCore.App\2.0.5\System.Threading.Tasks.Dataflow.dll</ModulePath>
      <ModuleTime>2017-12-20T21:43:18Z</ModuleTime>
      <ModuleName>System.Threading.Tasks.Dataflow</ModuleName>
      <Classes />
    </Module>
    <Module skippedDueTo="MissingPdb" hash="5E-29-2B-37-FE-34-E8-DE-17-B6-19-AD-3F-39-2B-5A-90-6A-3A-12">
      <ModulePath>c:\Program Files\dotnet\shared\Microsoft.NETCore.App\2.0.5\netstandard.dll</ModulePath>
      <ModuleTime>2017-12-20T21:43:18Z</ModuleTime>
      <ModuleName>netstandard</ModuleName>
      <Classes />
    </Module>
    <Module skippedDueTo="Filter" hash="60-90-01-7F-22-26-A1-16-2A-38-12-04-3D-D9-3D-90-D0-D0-4A-29">
      <ModulePath>c:\Program Files\dotnet\shared\Microsoft.NETCore.App\2.0.5\System.Security.Cryptography.Algorithms.dll</ModulePath>
      <ModuleTime>2017-12-20T21:43:16Z</ModuleTime>
      <ModuleName>System.Security.Cryptography.Algorithms</ModuleName>
      <Classes />
    </Module>
    <Module skippedDueTo="Filter" hash="47-5E-28-B2-AE-0D-E4-88-2D-81-90-A5-7C-CF-70-19-97-25-75-51">
      <ModulePath>c:\Program Files\dotnet\shared\Microsoft.NETCore.App\2.0.5\System.Security.Cryptography.Primitives.dll</ModulePath>
      <ModuleTime>2017-12-20T21:43:16Z</ModuleTime>
      <ModuleName>System.Security.Cryptography.Primitives</ModuleName>
      <Classes />
    </Module>
    <Module skippedDueTo="Filter" hash="56-11-B7-4C-4D-A0-46-2B-4B-36-79-ED-1F-A0-C9-09-52-16-63-47">
      <ModulePath>c:\Program Files\dotnet\shared\Microsoft.NETCore.App\2.0.5\System.ObjectModel.dll</ModulePath>
      <ModuleTime>2017-12-20T21:43:16Z</ModuleTime>
      <ModuleName>System.ObjectModel</ModuleName>
      <Classes />
    </Module>
    <Module skippedDueTo="Filter" hash="E0-CA-FD-F0-0C-6E-52-39-7A-EF-F1-48-E0-CD-C2-9D-E5-79-E6-78">
      <ModulePath>c:\Program Files\dotnet\shared\Microsoft.NETCore.App\2.0.5\System.Threading.Thread.dll</ModulePath>
      <ModuleTime>2017-12-20T21:43:18Z</ModuleTime>
      <ModuleName>System.Threading.Thread</ModuleName>
      <Classes />
    </Module>
    <Module skippedDueTo="Filter" hash="8E-F1-C5-CB-FA-53-02-66-36-2E-9B-66-DF-41-38-01-35-FD-71-2D">
      <ModulePath>c:\Program Files\dotnet\shared\Microsoft.NETCore.App\2.0.5\System.Xml.XmlDocument.dll</ModulePath>
      <ModuleTime>2017-12-20T21:43:18Z</ModuleTime>
      <ModuleName>System.Xml.XmlDocument</ModuleName>
      <Classes />
    </Module>
    <Module skippedDueTo="Filter" hash="97-40-56-27-AF-A6-21-E7-6D-03-81-75-9F-9E-17-23-DC-84-7E-D1">
      <ModulePath>c:\Program Files\dotnet\shared\Microsoft.NETCore.App\2.0.5\System.Diagnostics.TraceSource.dll</ModulePath>
      <ModuleTime>2017-12-20T21:43:14Z</ModuleTime>
      <ModuleName>System.Diagnostics.TraceSource</ModuleName>
      <Classes />
    </Module>
    <Module skippedDueTo="Filter" hash="A1-B2-87-D4-78-17-12-F6-93-F9-84-93-4C-AF-7A-D7-B0-96-20-33">
      <ModulePath>c:\Program Files\dotnet\shared\Microsoft.NETCore.App\2.0.5\System.Runtime.Loader.dll</ModulePath>
      <ModuleTime>2017-12-20T21:43:16Z</ModuleTime>
      <ModuleName>System.Runtime.Loader</ModuleName>
      <Classes />
    </Module>
    <Module skippedDueTo="MissingPdb" hash="44-D3-DA-B2-38-A2-45-51-DE-64-A8-E1-18-92-DE-74-FC-B0-A1-F8">
      <ModulePath>c:\Program Files\dotnet\sdk\2.1.100-preview-007363\SdkResolvers\NuGet.MSBuildSdkResolver\NuGet.MSBuildSdkResolver.dll</ModulePath>
      <ModuleTime>2018-02-12T14:51:46Z</ModuleTime>
      <ModuleName>NuGet.MSBuildSdkResolver</ModuleName>
      <Classes />
    </Module>
    <Module skippedDueTo="Filter" hash="6A-66-01-46-FC-61-B5-39-4F-D6-F0-74-63-5B-B3-72-86-E5-DA-46">
      <ModulePath>c:\Program Files\dotnet\shared\Microsoft.NETCore.App\2.0.5\System.Collections.Immutable.dll</ModulePath>
      <ModuleTime>2017-12-20T21:43:14Z</ModuleTime>
      <ModuleName>System.Collections.Immutable</ModuleName>
      <Classes />
    </Module>
    <Module skippedDueTo="Filter" hash="97-3E-65-BD-68-91-20-12-B1-10-45-13-DA-F3-BB-95-AA-24-82-B2">
      <ModulePath>c:\Program Files\dotnet\shared\Microsoft.NETCore.App\2.0.5\System.Reflection.Primitives.dll</ModulePath>
      <ModuleTime>2017-12-20T21:43:16Z</ModuleTime>
      <ModuleName>System.Reflection.Primitives</ModuleName>
      <Classes />
    </Module>
    <Module skippedDueTo="Filter" hash="87-54-ED-76-7A-BD-5B-3D-F9-EE-1A-91-BC-73-06-46-AD-EF-D2-9E">
      <ModulePath>c:\Program Files\dotnet\shared\Microsoft.NETCore.App\2.0.5\System.Threading.Tasks.Parallel.dll</ModulePath>
      <ModuleTime>2017-12-20T21:43:18Z</ModuleTime>
      <ModuleName>System.Threading.Tasks.Parallel</ModuleName>
      <Classes />
    </Module>
    <Module skippedDueTo="MissingPdb" hash="5F-82-2A-23-89-A8-C9-0B-08-48-64-82-5F-C2-52-6C-DC-30-F4-20">
      <ModulePath>c:\Program Files\dotnet\sdk\2.1.100-preview-007363\Microsoft.Build.Tasks.Core.dll</ModulePath>
      <ModuleTime>2018-02-12T14:52:20Z</ModuleTime>
      <ModuleName>Microsoft.Build.Tasks.Core</ModuleName>
      <Classes />
    </Module>
    <Module skippedDueTo="Filter" hash="27-B6-83-A8-42-4B-7B-FF-FA-8A-62-BB-0C-AE-CB-A8-90-8A-5E-2E">
      <ModulePath>c:\Program Files\dotnet\shared\Microsoft.NETCore.App\2.0.5\System.Threading.ThreadPool.dll</ModulePath>
      <ModuleTime>2017-12-20T21:43:18Z</ModuleTime>
      <ModuleName>System.Threading.ThreadPool</ModuleName>
      <Classes />
    </Module>
    <Module skippedDueTo="MissingPdb" hash="FC-06-1A-56-A7-D3-E7-EE-1C-FB-D0-27-F0-59-57-80-80-09-B2-DB">
      <ModulePath>c:\Program Files\dotnet\sdk\2.1.100-preview-007363\NuGet.Build.Tasks.dll</ModulePath>
      <ModuleTime>2018-02-12T14:51:54Z</ModuleTime>
      <ModuleName>NuGet.Build.Tasks</ModuleName>
      <Classes />
    </Module>
    <Module skippedDueTo="MissingPdb" hash="9F-6F-45-90-FD-6E-01-B2-48-FB-6B-B8-B5-5F-4F-E4-D1-E8-61-3F">
      <ModulePath>c:\Program Files\dotnet\sdk\2.1.100-preview-007363\NuGet.Commands.dll</ModulePath>
      <ModuleTime>2018-02-12T14:51:54Z</ModuleTime>
      <ModuleName>NuGet.Commands</ModuleName>
      <Classes />
    </Module>
    <Module skippedDueTo="MissingPdb" hash="DC-D9-3D-DE-14-63-93-A6-8F-F0-89-02-58-FD-8C-1D-C3-38-E6-D0">
      <ModulePath>c:\Program Files\dotnet\sdk\2.1.100-preview-007363\NuGet.Common.dll</ModulePath>
      <ModuleTime>2018-02-12T14:51:54Z</ModuleTime>
      <ModuleName>NuGet.Common</ModuleName>
      <Classes />
    </Module>
    <Module skippedDueTo="Filter" hash="5B-A4-06-2B-DC-45-45-D9-2C-95-75-E1-11-DB-16-BF-06-19-63-7E">
      <ModulePath>c:\Program Files\dotnet\shared\Microsoft.NETCore.App\2.0.5\System.IO.Pipes.dll</ModulePath>
      <ModuleTime>2017-12-20T21:43:14Z</ModuleTime>
      <ModuleName>System.IO.Pipes</ModuleName>
      <Classes />
    </Module>
    <Module skippedDueTo="MissingPdb" hash="B0-2D-50-81-B2-E4-8F-1F-DD-64-EA-16-5C-E2-85-D2-C6-9F-C1-DA">
      <ModulePath>c:\Program Files\dotnet\shared\Microsoft.NETCore.App\2.0.5\Microsoft.Win32.Primitives.dll</ModulePath>
      <ModuleTime>2017-12-20T21:43:14Z</ModuleTime>
      <ModuleName>Microsoft.Win32.Primitives</ModuleName>
      <Classes />
    </Module>
    <Module skippedDueTo="Filter" hash="90-67-16-95-C8-62-BF-10-B0-7C-A2-8A-0A-D9-EB-D2-81-C0-FD-B4">
      <ModulePath>c:\Program Files\dotnet\shared\Microsoft.NETCore.App\2.0.5\System.Threading.Overlapped.dll</ModulePath>
      <ModuleTime>2017-12-20T21:43:18Z</ModuleTime>
      <ModuleName>System.Threading.Overlapped</ModuleName>
      <Classes />
    </Module>
    <Module skippedDueTo="Filter" hash="88-00-CE-1C-B4-DD-BA-E4-5D-66-45-DA-66-2D-89-84-42-9B-45-F7">
      <ModulePath>c:\Program Files\dotnet\shared\Microsoft.NETCore.App\2.0.5\System.ComponentModel.dll</ModulePath>
      <ModuleTime>2017-12-20T21:43:14Z</ModuleTime>
      <ModuleName>System.ComponentModel</ModuleName>
      <Classes />
    </Module>
    <Module skippedDueTo="Filter" hash="6B-FD-F4-02-2D-A1-32-9E-EE-D5-BD-34-EB-7B-26-DE-57-19-B5-DE">
      <ModulePath>c:\Program Files\dotnet\shared\Microsoft.NETCore.App\2.0.5\System.Private.CoreLib.dll</ModulePath>
      <ModuleTime>2017-12-20T21:43:18Z</ModuleTime>
      <ModuleName>System.Private.CoreLib</ModuleName>
      <Classes />
    </Module>
    <Module skippedDueTo="MissingPdb" hash="D8-8A-A9-2A-4A-F2-35-F4-59-BE-EB-2D-E2-C1-1E-3D-7A-42-38-40">
      <ModulePath>c:\Program Files\dotnet\sdk\2.1.100-preview-007363\MSBuild.dll</ModulePath>
      <ModuleTime>2018-02-12T14:51:46Z</ModuleTime>
      <ModuleName>MSBuild</ModuleName>
      <Classes />
    </Module>
    <Module skippedDueTo="Filter" hash="41-1F-8E-E9-67-29-F0-15-6D-EB-92-86-91-0B-7E-88-1E-12-8D-0C">
      <ModulePath>c:\Program Files\dotnet\shared\Microsoft.NETCore.App\2.0.5\System.Runtime.dll</ModulePath>
      <ModuleTime>2017-12-20T21:43:16Z</ModuleTime>
      <ModuleName>System.Runtime</ModuleName>
      <Classes />
    </Module>
    <Module skippedDueTo="Filter" hash="39-20-64-84-D7-D0-5A-A6-43-87-E7-0D-7F-9A-8C-6B-51-C9-F5-E9">
      <ModulePath>c:\Program Files\dotnet\shared\Microsoft.NETCore.App\2.0.5\System.Runtime.Extensions.dll</ModulePath>
      <ModuleTime>2017-12-20T21:43:16Z</ModuleTime>
      <ModuleName>System.Runtime.Extensions</ModuleName>
      <Classes />
    </Module>
    <Module skippedDueTo="Filter" hash="E6-F9-D6-79-C9-63-36-8C-A9-C1-04-E0-B6-50-AA-09-5B-ED-80-1B">
      <ModulePath>c:\Program Files\dotnet\shared\Microsoft.NETCore.App\2.0.5\System.Threading.dll</ModulePath>
      <ModuleTime>2017-12-20T21:43:18Z</ModuleTime>
      <ModuleName>System.Threading</ModuleName>
      <Classes />
    </Module>
    <Module skippedDueTo="Filter" hash="57-51-2E-09-50-36-05-C8-F5-3A-5E-09-66-60-1C-C9-B9-9B-16-04">
      <ModulePath>c:\Program Files\dotnet\shared\Microsoft.NETCore.App\2.0.5\System.Reflection.dll</ModulePath>
      <ModuleTime>2017-12-20T21:43:16Z</ModuleTime>
      <ModuleName>System.Reflection</ModuleName>
      <Classes />
    </Module>
    <Module skippedDueTo="Filter" hash="D9-7F-DA-4C-A6-F9-66-9D-7C-99-6A-18-05-86-52-E9-60-8D-0B-5D">
      <ModulePath>c:\Program Files\dotnet\shared\Microsoft.NETCore.App\2.0.5\System.Reflection.TypeExtensions.dll</ModulePath>
      <ModuleTime>2017-12-20T21:43:16Z</ModuleTime>
      <ModuleName>System.Reflection.TypeExtensions</ModuleName>
      <Classes />
    </Module>
    <Module skippedDueTo="Filter" hash="27-FF-EA-22-FA-1B-89-4C-8C-CB-93-D8-4D-E5-1F-34-F6-8A-6B-CE">
      <ModulePath>c:\Program Files\dotnet\shared\Microsoft.NETCore.App\2.0.5\System.Globalization.dll</ModulePath>
      <ModuleTime>2017-12-20T21:43:14Z</ModuleTime>
      <ModuleName>System.Globalization</ModuleName>
      <Classes />
    </Module>
    <Module skippedDueTo="Filter" hash="62-96-BF-2C-F9-33-5D-7F-8C-13-D2-55-CA-DA-99-3C-FF-CE-25-63">
      <ModulePath>c:\Program Files\dotnet\shared\Microsoft.NETCore.App\2.0.5\System.IO.FileSystem.dll</ModulePath>
      <ModuleTime>2017-12-20T21:43:14Z</ModuleTime>
      <ModuleName>System.IO.FileSystem</ModuleName>
      <Classes />
    </Module>
    <Module skippedDueTo="Filter" hash="11-1D-A8-A9-0E-B7-F5-02-3A-DE-28-0A-99-E7-FF-1C-E9-B7-8F-3D">
      <ModulePath>c:\Program Files\dotnet\shared\Microsoft.NETCore.App\2.0.5\System.Linq.dll</ModulePath>
      <ModuleTime>2017-12-20T21:43:16Z</ModuleTime>
      <ModuleName>System.Linq</ModuleName>
      <Classes />
    </Module>
    <Module skippedDueTo="Filter" hash="35-F5-AE-30-21-12-A3-3B-04-7D-44-88-0F-99-2F-E5-EB-9A-C8-A5">
      <ModulePath>c:\Program Files\dotnet\shared\Microsoft.NETCore.App\2.0.5\System.Text.RegularExpressions.dll</ModulePath>
      <ModuleTime>2017-12-20T21:43:18Z</ModuleTime>
      <ModuleName>System.Text.RegularExpressions</ModuleName>
      <Classes />
    </Module>
    <Module skippedDueTo="Filter" hash="EB-D5-85-1D-63-0E-26-A0-A2-87-8B-C7-75-30-5F-1B-02-57-65-64">
      <ModulePath>c:\Program Files\dotnet\shared\Microsoft.NETCore.App\2.0.5\System.Runtime.InteropServices.RuntimeInformation.dll</ModulePath>
      <ModuleTime>2017-12-20T21:43:16Z</ModuleTime>
      <ModuleName>System.Runtime.InteropServices.RuntimeInformation</ModuleName>
      <Classes />
    </Module>
    <Module skippedDueTo="Filter" hash="CD-27-4E-FD-67-2D-90-A9-46-6A-BC-AE-CC-0D-1A-35-51-BA-78-D1">
      <ModulePath>c:\Program Files\dotnet\shared\Microsoft.NETCore.App\2.0.5\System.Collections.dll</ModulePath>
      <ModuleTime>2017-12-20T21:43:14Z</ModuleTime>
      <ModuleName>System.Collections</ModuleName>
      <Classes />
    </Module>
    <Module skippedDueTo="Filter" hash="B5-05-9F-47-D9-B8-DC-49-D5-D5-06-B6-30-3D-DB-39-94-F8-25-1B">
      <ModulePath>c:\Program Files\dotnet\shared\Microsoft.NETCore.App\2.0.5\System.Runtime.InteropServices.dll</ModulePath>
      <ModuleTime>2017-12-20T21:43:16Z</ModuleTime>
      <ModuleName>System.Runtime.InteropServices</ModuleName>
      <Classes />
    </Module>
    <Module skippedDueTo="Filter" hash="CB-5D-AF-E0-6F-08-BA-B5-94-92-31-00-DC-C5-F0-3D-FA-CB-16-78">
      <ModulePath>c:\Program Files\dotnet\shared\Microsoft.NETCore.App\2.0.5\System.Console.dll</ModulePath>
      <ModuleTime>2017-12-20T21:43:14Z</ModuleTime>
      <ModuleName>System.Console</ModuleName>
      <Classes />
    </Module>
    <Module skippedDueTo="Filter" hash="51-C2-8E-5D-FC-F3-88-D1-CD-DE-BB-6D-74-11-AD-D9-4B-1D-A6-88">
      <ModulePath>c:\Program Files\dotnet\shared\Microsoft.NETCore.App\2.0.5\System.Diagnostics.Process.dll</ModulePath>
      <ModuleTime>2017-12-20T21:43:14Z</ModuleTime>
      <ModuleName>System.Diagnostics.Process</ModuleName>
      <Classes />
    </Module>
    <Module skippedDueTo="Filter" hash="09-C8-71-E7-F6-68-C3-70-8C-E9-4A-97-5C-91-E8-8C-68-4F-BD-67">
      <ModulePath>c:\Program Files\dotnet\shared\Microsoft.NETCore.App\2.0.5\System.ComponentModel.Primitives.dll</ModulePath>
      <ModuleTime>2017-12-20T21:43:14Z</ModuleTime>
      <ModuleName>System.ComponentModel.Primitives</ModuleName>
      <Classes />
    </Module>
    <Module skippedDueTo="MissingPdb" hash="9A-DD-11-02-21-31-07-0B-D8-2C-8D-83-BE-A5-35-1A-05-37-9A-72">
      <ModulePath>c:\Program Files\dotnet\sdk\2.1.100-preview-007363\Microsoft.Build.Framework.dll</ModulePath>
      <ModuleTime>2018-02-12T14:52:18Z</ModuleTime>
      <ModuleName>Microsoft.Build.Framework</ModuleName>
      <Classes />
    </Module>
    <Module skippedDueTo="Filter" hash="16-8B-5C-B4-09-1A-39-6B-32-EA-F8-67-7F-7B-56-F1-65-00-CF-6C">
      <ModulePath>c:\Program Files\dotnet\shared\Microsoft.NETCore.App\2.0.5\System.IO.dll</ModulePath>
      <ModuleTime>2017-12-20T21:43:14Z</ModuleTime>
      <ModuleName>System.IO</ModuleName>
      <Classes />
    </Module>
    <Module skippedDueTo="MissingPdb" hash="C2-31-0C-1B-8E-B4-6F-88-F9-4E-26-D7-9E-0E-F5-50-89-A4-31-81">
      <ModulePath>c:\Program Files\dotnet\sdk\2.1.100-preview-007363\Microsoft.Build.dll</ModulePath>
      <ModuleTime>2018-02-12T14:52:20Z</ModuleTime>
      <ModuleName>Microsoft.Build</ModuleName>
      <Classes />
    </Module>
    <Module skippedDueTo="Filter" hash="E7-3A-AE-E8-2B-14-3B-97-49-A3-F9-92-72-35-D5-57-E4-F5-5F-5E">
      <ModulePath>c:\Program Files\dotnet\sdk\2.1.100-preview-007363\runtimes\win\lib\netstandard1.3\System.Text.Encoding.CodePages.dll</ModulePath>
      <ModuleTime>2018-02-12T14:51:48Z</ModuleTime>
      <ModuleName>System.Text.Encoding.CodePages</ModuleName>
      <Classes />
    </Module>
    <Module skippedDueTo="Filter" hash="86-38-1F-10-F9-45-4E-1D-E5-CD-9A-E3-1B-A2-C8-15-BC-7F-8D-A8">
      <ModulePath>c:\Program Files\dotnet\shared\Microsoft.NETCore.App\2.0.5\System.Text.Encoding.dll</ModulePath>
      <ModuleTime>2017-12-20T21:43:18Z</ModuleTime>
      <ModuleName>System.Text.Encoding</ModuleName>
      <Classes />
    </Module>
    <Module skippedDueTo="Filter" hash="31-3F-28-D7-F6-F8-07-E2-5B-6C-5B-9A-4D-62-A4-8E-04-C7-6A-70">
      <ModulePath>c:\Program Files\dotnet\shared\Microsoft.NETCore.App\2.0.5\System.Collections.NonGeneric.dll</ModulePath>
      <ModuleTime>2017-12-20T21:43:14Z</ModuleTime>
      <ModuleName>System.Collections.NonGeneric</ModuleName>
      <Classes />
    </Module>
    <Module skippedDueTo="Filter" hash="82-95-DE-D4-D6-42-93-7A-86-68-E5-8F-AF-86-43-C2-89-C3-DE-4E">
      <ModulePath>c:\Program Files\dotnet\shared\Microsoft.NETCore.App\2.0.5\System.Collections.Concurrent.dll</ModulePath>
      <ModuleTime>2017-12-20T21:43:14Z</ModuleTime>
      <ModuleName>System.Collections.Concurrent</ModuleName>
      <Classes />
    </Module>
    <Module skippedDueTo="Filter" hash="8A-C1-C1-60-CF-62-87-A7-80-01-01-C3-2D-DD-BB-15-43-80-F8-80">
      <ModulePath>c:\Program Files\dotnet\shared\Microsoft.NETCore.App\2.0.5\System.Threading.Tasks.dll</ModulePath>
      <ModuleTime>2017-12-20T21:43:18Z</ModuleTime>
      <ModuleName>System.Threading.Tasks</ModuleName>
      <Classes />
    </Module>
    <Module skippedDueTo="Filter" hash="5B-A4-06-2B-DC-45-45-D9-2C-95-75-E1-11-DB-16-BF-06-19-63-7E">
      <ModulePath>c:\Program Files\dotnet\shared\Microsoft.NETCore.App\2.0.5\System.IO.Pipes.dll</ModulePath>
      <ModuleTime>2017-12-20T21:43:14Z</ModuleTime>
      <ModuleName>System.IO.Pipes</ModuleName>
      <Classes />
    </Module>
    <Module skippedDueTo="Filter" hash="20-A8-DA-AB-DE-0F-5C-1B-25-28-68-80-29-DE-E7-7F-77-D1-60-6F">
      <ModulePath>c:\Program Files\dotnet\shared\Microsoft.NETCore.App\2.0.5\System.Text.Encoding.Extensions.dll</ModulePath>
      <ModuleTime>2017-12-20T21:43:18Z</ModuleTime>
      <ModuleName>System.Text.Encoding.Extensions</ModuleName>
      <Classes />
    </Module>
    <Module skippedDueTo="Filter" hash="E0-CA-FD-F0-0C-6E-52-39-7A-EF-F1-48-E0-CD-C2-9D-E5-79-E6-78">
      <ModulePath>c:\Program Files\dotnet\shared\Microsoft.NETCore.App\2.0.5\System.Threading.Thread.dll</ModulePath>
      <ModuleTime>2017-12-20T21:43:18Z</ModuleTime>
      <ModuleName>System.Threading.Thread</ModuleName>
      <Classes />
    </Module>
    <Module skippedDueTo="Filter" hash="90-67-16-95-C8-62-BF-10-B0-7C-A2-8A-0A-D9-EB-D2-81-C0-FD-B4">
      <ModulePath>c:\Program Files\dotnet\shared\Microsoft.NETCore.App\2.0.5\System.Threading.Overlapped.dll</ModulePath>
      <ModuleTime>2017-12-20T21:43:18Z</ModuleTime>
      <ModuleName>System.Threading.Overlapped</ModuleName>
      <Classes />
    </Module>
    <Module skippedDueTo="Filter" hash="56-11-B7-4C-4D-A0-46-2B-4B-36-79-ED-1F-A0-C9-09-52-16-63-47">
      <ModulePath>c:\Program Files\dotnet\shared\Microsoft.NETCore.App\2.0.5\System.ObjectModel.dll</ModulePath>
      <ModuleTime>2017-12-20T21:43:16Z</ModuleTime>
      <ModuleName>System.ObjectModel</ModuleName>
      <Classes />
    </Module>
    <Module skippedDueTo="Filter" hash="36-18-90-38-AF-FF-9C-6F-4A-19-8E-15-21-40-35-4F-9F-F0-D8-0E">
      <ModulePath>c:\Program Files\dotnet\shared\Microsoft.NETCore.App\2.0.5\System.Threading.Tasks.Dataflow.dll</ModulePath>
      <ModuleTime>2017-12-20T21:43:18Z</ModuleTime>
      <ModuleName>System.Threading.Tasks.Dataflow</ModuleName>
      <Classes />
    </Module>
    <Module skippedDueTo="MissingPdb" hash="5E-29-2B-37-FE-34-E8-DE-17-B6-19-AD-3F-39-2B-5A-90-6A-3A-12">
      <ModulePath>c:\Program Files\dotnet\shared\Microsoft.NETCore.App\2.0.5\netstandard.dll</ModulePath>
      <ModuleTime>2017-12-20T21:43:18Z</ModuleTime>
      <ModuleName>netstandard</ModuleName>
      <Classes />
    </Module>
    <Module skippedDueTo="Filter" hash="93-6F-E7-9E-71-4C-2E-6B-3D-36-8A-37-76-77-D8-66-84-44-B2-15">
      <ModulePath>c:\Program Files\dotnet\shared\Microsoft.NETCore.App\2.0.5\System.Diagnostics.Tracing.dll</ModulePath>
      <ModuleTime>2017-12-20T21:43:14Z</ModuleTime>
      <ModuleName>System.Diagnostics.Tracing</ModuleName>
      <Classes />
    </Module>
    <Module skippedDueTo="Filter" hash="63-FD-C6-E8-DB-A7-8A-8E-25-84-B8-B0-B6-62-FF-9D-E2-7E-B9-D0">
      <ModulePath>c:\Program Files\dotnet\shared\Microsoft.NETCore.App\2.0.5\System.Reflection.Extensions.dll</ModulePath>
      <ModuleTime>2017-12-20T21:43:16Z</ModuleTime>
      <ModuleName>System.Reflection.Extensions</ModuleName>
      <Classes />
    </Module>
    <Module skippedDueTo="Filter" hash="16-A3-A2-20-FF-D0-10-40-9D-3F-07-7F-3D-B1-23-42-5F-91-7C-7F">
      <ModulePath>c:\Program Files\dotnet\shared\Microsoft.NETCore.App\2.0.5\System.Resources.ResourceManager.dll</ModulePath>
      <ModuleTime>2017-12-20T21:43:16Z</ModuleTime>
      <ModuleName>System.Resources.ResourceManager</ModuleName>
      <Classes />
    </Module>
    <Module skippedDueTo="Filter" hash="8E-F1-C5-CB-FA-53-02-66-36-2E-9B-66-DF-41-38-01-35-FD-71-2D">
      <ModulePath>c:\Program Files\dotnet\shared\Microsoft.NETCore.App\2.0.5\System.Xml.XmlDocument.dll</ModulePath>
      <ModuleTime>2017-12-20T21:43:18Z</ModuleTime>
      <ModuleName>System.Xml.XmlDocument</ModuleName>
      <Classes />
    </Module>
    <Module skippedDueTo="Filter" hash="15-84-CE-11-DD-24-30-6C-BA-9A-E0-EA-17-33-E2-DC-4B-77-8C-A6">
      <ModulePath>c:\Program Files\dotnet\shared\Microsoft.NETCore.App\2.0.5\System.Private.Xml.dll</ModulePath>
      <ModuleTime>2017-12-20T21:43:16Z</ModuleTime>
      <ModuleName>System.Private.Xml</ModuleName>
      <Classes />
    </Module>
    <Module skippedDueTo="Filter" hash="3A-5B-10-CD-6F-9C-A6-09-E7-EB-30-7C-FA-E0-3E-E6-D8-AE-D2-AE">
      <ModulePath>c:\Program Files\dotnet\shared\Microsoft.NETCore.App\2.0.5\System.Xml.ReaderWriter.dll</ModulePath>
      <ModuleTime>2017-12-20T21:43:18Z</ModuleTime>
      <ModuleName>System.Xml.ReaderWriter</ModuleName>
      <Classes />
    </Module>
    <Module skippedDueTo="Filter" hash="F0-22-19-B7-F6-63-1E-8A-97-BC-E3-A8-0E-86-F3-9E-06-44-E8-01">
      <ModulePath>c:\Program Files\dotnet\shared\Microsoft.NETCore.App\2.0.5\System.IO.FileSystem.Primitives.dll</ModulePath>
      <ModuleTime>2017-12-20T21:43:14Z</ModuleTime>
      <ModuleName>System.IO.FileSystem.Primitives</ModuleName>
      <Classes />
    </Module>
    <Module skippedDueTo="Filter" hash="63-9F-D2-08-25-C0-01-C1-35-4A-0E-AC-D8-A9-2B-84-82-52-B0-5C">
      <ModulePath>c:\Program Files\dotnet\shared\Microsoft.NETCore.App\2.0.5\System.Private.Uri.dll</ModulePath>
      <ModuleTime>2017-12-20T21:43:16Z</ModuleTime>
      <ModuleName>System.Private.Uri</ModuleName>
      <Classes />
    </Module>
    <Module skippedDueTo="Filter" hash="97-40-56-27-AF-A6-21-E7-6D-03-81-75-9F-9E-17-23-DC-84-7E-D1">
      <ModulePath>c:\Program Files\dotnet\shared\Microsoft.NETCore.App\2.0.5\System.Diagnostics.TraceSource.dll</ModulePath>
      <ModuleTime>2017-12-20T21:43:14Z</ModuleTime>
      <ModuleName>System.Diagnostics.TraceSource</ModuleName>
      <Classes />
    </Module>
    <Module skippedDueTo="Filter" hash="6A-66-01-46-FC-61-B5-39-4F-D6-F0-74-63-5B-B3-72-86-E5-DA-46">
      <ModulePath>c:\Program Files\dotnet\shared\Microsoft.NETCore.App\2.0.5\System.Collections.Immutable.dll</ModulePath>
      <ModuleTime>2017-12-20T21:43:14Z</ModuleTime>
      <ModuleName>System.Collections.Immutable</ModuleName>
      <Classes />
    </Module>
    <Module skippedDueTo="Filter" hash="97-3E-65-BD-68-91-20-12-B1-10-45-13-DA-F3-BB-95-AA-24-82-B2">
      <ModulePath>c:\Program Files\dotnet\shared\Microsoft.NETCore.App\2.0.5\System.Reflection.Primitives.dll</ModulePath>
      <ModuleTime>2017-12-20T21:43:16Z</ModuleTime>
      <ModuleName>System.Reflection.Primitives</ModuleName>
      <Classes />
    </Module>
    <Module skippedDueTo="Filter" hash="87-54-ED-76-7A-BD-5B-3D-F9-EE-1A-91-BC-73-06-46-AD-EF-D2-9E">
      <ModulePath>c:\Program Files\dotnet\shared\Microsoft.NETCore.App\2.0.5\System.Threading.Tasks.Parallel.dll</ModulePath>
      <ModuleTime>2017-12-20T21:43:18Z</ModuleTime>
      <ModuleName>System.Threading.Tasks.Parallel</ModuleName>
      <Classes />
    </Module>
    <Module skippedDueTo="MissingPdb" hash="78-7F-44-CE-F5-92-05-B7-DF-82-38-F5-64-1C-0A-10-F4-64-10-DC">
      <ModulePath>c:\Program Files\dotnet\sdk\2.1.100-preview-007363\Microsoft.Build.Utilities.Core.dll</ModulePath>
      <ModuleTime>2018-02-12T14:52:20Z</ModuleTime>
      <ModuleName>Microsoft.Build.Utilities.Core</ModuleName>
      <Classes />
    </Module>
    <Module skippedDueTo="MissingPdb" hash="5F-82-2A-23-89-A8-C9-0B-08-48-64-82-5F-C2-52-6C-DC-30-F4-20">
      <ModulePath>c:\Program Files\dotnet\sdk\2.1.100-preview-007363\Microsoft.Build.Tasks.Core.dll</ModulePath>
      <ModuleTime>2018-02-12T14:52:20Z</ModuleTime>
      <ModuleName>Microsoft.Build.Tasks.Core</ModuleName>
      <Classes />
    </Module>
    <Module skippedDueTo="Filter" hash="A1-B2-87-D4-78-17-12-F6-93-F9-84-93-4C-AF-7A-D7-B0-96-20-33">
      <ModulePath>c:\Program Files\dotnet\shared\Microsoft.NETCore.App\2.0.5\System.Runtime.Loader.dll</ModulePath>
      <ModuleTime>2017-12-20T21:43:16Z</ModuleTime>
      <ModuleName>System.Runtime.Loader</ModuleName>
      <Classes />
    </Module>
    <Module skippedDueTo="MissingPdb" hash="1C-DE-16-5A-2F-36-02-DE-41-6E-5B-41-9B-19-BD-30-A0-03-BD-77">
      <ModulePath>c:\Program Files\dotnet\sdk\2.1.100-preview-007363\Sdks\Microsoft.NET.Sdk\build\..\tools\netcoreapp1.0/Microsoft.NET.Build.Tasks.dll</ModulePath>
      <ModuleTime>2018-02-12T14:51:46Z</ModuleTime>
      <ModuleName>Microsoft.NET.Build.Tasks</ModuleName>
      <Classes />
    </Module>
    <Module skippedDueTo="MissingPdb" hash="1C-DE-16-5A-2F-36-02-DE-41-6E-5B-41-9B-19-BD-30-A0-03-BD-77">
      <ModulePath>c:\Program Files\dotnet\sdk\2.1.100-preview-007363\Sdks\Microsoft.NET.Sdk\build\..\tools\netcoreapp1.0/Microsoft.NET.Build.Tasks.dll</ModulePath>
      <ModuleTime>2018-02-12T14:51:46Z</ModuleTime>
      <ModuleName>Microsoft.NET.Build.Tasks</ModuleName>
      <Classes />
    </Module>
    <Module skippedDueTo="MissingPdb" hash="EC-AF-61-51-7E-8F-51-90-7E-04-A5-58-13-AA-BE-74-77-F4-37-C0">
      <ModulePath>c:\Program Files\dotnet\sdk\2.1.100-preview-007363\NuGet.Configuration.dll</ModulePath>
      <ModuleTime>2018-02-12T14:51:54Z</ModuleTime>
      <ModuleName>NuGet.Configuration</ModuleName>
      <Classes />
    </Module>
    <Module skippedDueTo="MissingPdb" hash="FC-06-1A-56-A7-D3-E7-EE-1C-FB-D0-27-F0-59-57-80-80-09-B2-DB">
      <ModulePath>c:\Program Files\dotnet\sdk\2.1.100-preview-007363\NuGet.Build.Tasks.dll</ModulePath>
      <ModuleTime>2018-02-12T14:51:54Z</ModuleTime>
      <ModuleName>NuGet.Build.Tasks</ModuleName>
      <Classes />
    </Module>
    <Module skippedDueTo="MissingPdb" hash="9F-6F-45-90-FD-6E-01-B2-48-FB-6B-B8-B5-5F-4F-E4-D1-E8-61-3F">
      <ModulePath>c:\Program Files\dotnet\sdk\2.1.100-preview-007363\NuGet.Commands.dll</ModulePath>
      <ModuleTime>2018-02-12T14:51:54Z</ModuleTime>
      <ModuleName>NuGet.Commands</ModuleName>
      <Classes />
    </Module>
    <Module skippedDueTo="MissingPdb" hash="DC-D9-3D-DE-14-63-93-A6-8F-F0-89-02-58-FD-8C-1D-C3-38-E6-D0">
      <ModulePath>c:\Program Files\dotnet\sdk\2.1.100-preview-007363\NuGet.Common.dll</ModulePath>
      <ModuleTime>2018-02-12T14:51:54Z</ModuleTime>
      <ModuleName>NuGet.Common</ModuleName>
      <Classes />
    </Module>
    <Module skippedDueTo="MissingPdb" hash="EC-AF-61-51-7E-8F-51-90-7E-04-A5-58-13-AA-BE-74-77-F4-37-C0">
      <ModulePath>c:\Program Files\dotnet\sdk\2.1.100-preview-007363\NuGet.Configuration.dll</ModulePath>
      <ModuleTime>2018-02-12T14:51:54Z</ModuleTime>
      <ModuleName>NuGet.Configuration</ModuleName>
      <Classes />
    </Module>
    <Module skippedDueTo="Filter" hash="F0-2A-3E-CE-48-89-A7-70-18-E7-BA-0D-82-2A-77-3B-AE-04-CE-0D">
      <ModulePath>c:\Program Files\dotnet\shared\Microsoft.NETCore.App\2.0.5\System.Xml.XDocument.dll</ModulePath>
      <ModuleTime>2017-12-20T21:43:18Z</ModuleTime>
      <ModuleName>System.Xml.XDocument</ModuleName>
      <Classes />
    </Module>
    <Module skippedDueTo="Filter" hash="0F-E5-54-36-4A-AB-17-3D-8C-8E-60-FB-2F-AD-DF-D5-89-33-3D-32">
      <ModulePath>c:\Program Files\dotnet\shared\Microsoft.NETCore.App\2.0.5\System.Private.Xml.Linq.dll</ModulePath>
      <ModuleTime>2017-12-20T21:43:16Z</ModuleTime>
      <ModuleName>System.Private.Xml.Linq</ModuleName>
      <Classes />
    </Module>
    <Module skippedDueTo="Filter" hash="60-90-01-7F-22-26-A1-16-2A-38-12-04-3D-D9-3D-90-D0-D0-4A-29">
      <ModulePath>c:\Program Files\dotnet\shared\Microsoft.NETCore.App\2.0.5\System.Security.Cryptography.Algorithms.dll</ModulePath>
      <ModuleTime>2017-12-20T21:43:16Z</ModuleTime>
      <ModuleName>System.Security.Cryptography.Algorithms</ModuleName>
      <Classes />
    </Module>
    <Module skippedDueTo="Filter" hash="47-5E-28-B2-AE-0D-E4-88-2D-81-90-A5-7C-CF-70-19-97-25-75-51">
      <ModulePath>c:\Program Files\dotnet\shared\Microsoft.NETCore.App\2.0.5\System.Security.Cryptography.Primitives.dll</ModulePath>
      <ModuleTime>2017-12-20T21:43:16Z</ModuleTime>
      <ModuleName>System.Security.Cryptography.Primitives</ModuleName>
      <Classes />
    </Module>
    <Module skippedDueTo="MissingPdb" hash="99-D6-45-BC-D3-FE-C3-1B-3D-55-1E-E6-91-B6-E1-A8-8D-70-47-D5">
      <ModulePath>c:\Program Files\dotnet\sdk\2.1.100-preview-007363\NuGet.ProjectModel.dll</ModulePath>
      <ModuleTime>2018-02-12T14:51:54Z</ModuleTime>
      <ModuleName>NuGet.ProjectModel</ModuleName>
      <Classes />
    </Module>
    <Module skippedDueTo="MissingPdb" hash="CD-93-FD-B8-A0-A9-5D-7E-05-A6-64-5E-65-C0-1D-A0-B1-39-77-1D">
      <ModulePath>c:\Program Files\dotnet\sdk\2.1.100-preview-007363\NuGet.Versioning.dll</ModulePath>
      <ModuleTime>2018-02-12T14:51:54Z</ModuleTime>
      <ModuleName>NuGet.Versioning</ModuleName>
      <Classes />
    </Module>
    <Module skippedDueTo="MissingPdb" hash="99-D6-45-BC-D3-FE-C3-1B-3D-55-1E-E6-91-B6-E1-A8-8D-70-47-D5">
      <ModulePath>c:\Program Files\dotnet\sdk\2.1.100-preview-007363\NuGet.ProjectModel.dll</ModulePath>
      <ModuleTime>2018-02-12T14:51:54Z</ModuleTime>
      <ModuleName>NuGet.ProjectModel</ModuleName>
      <Classes />
    </Module>
    <Module skippedDueTo="MissingPdb" hash="CD-93-FD-B8-A0-A9-5D-7E-05-A6-64-5E-65-C0-1D-A0-B1-39-77-1D">
      <ModulePath>c:\Program Files\dotnet\sdk\2.1.100-preview-007363\NuGet.Versioning.dll</ModulePath>
      <ModuleTime>2018-02-12T14:51:54Z</ModuleTime>
      <ModuleName>NuGet.Versioning</ModuleName>
      <Classes />
    </Module>
    <Module skippedDueTo="MissingPdb" hash="E8-D6-2E-86-39-47-A0-24-C1-F9-34-20-21-0D-93-7D-1C-64-E9-43">
      <ModulePath>c:\Program Files\dotnet\sdk\2.1.100-preview-007363\NuGet.Frameworks.dll</ModulePath>
      <ModuleTime>2018-02-12T14:51:54Z</ModuleTime>
      <ModuleName>NuGet.Frameworks</ModuleName>
      <Classes />
    </Module>
    <Module skippedDueTo="MissingPdb" hash="A8-A1-E8-06-7B-12-5B-3E-61-E0-75-EF-4C-E7-F9-38-FF-C6-C4-93">
      <ModulePath>c:\Program Files\dotnet\sdk\2.1.100-preview-007363\NuGet.Protocol.dll</ModulePath>
      <ModuleTime>2018-02-12T14:51:54Z</ModuleTime>
      <ModuleName>NuGet.Protocol</ModuleName>
      <Classes />
    </Module>
    <Module skippedDueTo="MissingPdb" hash="D8-BC-39-CA-E8-ED-D1-8A-2B-4D-17-C6-B8-7F-03-47-28-93-D2-8C">
      <ModulePath>c:\Program Files\dotnet\sdk\2.1.100-preview-007363\NuGet.Packaging.dll</ModulePath>
      <ModuleTime>2018-02-12T14:51:54Z</ModuleTime>
      <ModuleName>NuGet.Packaging</ModuleName>
      <Classes />
    </Module>
    <Module skippedDueTo="MissingPdb" hash="90-23-F7-3D-BE-3B-1C-AB-4E-1A-E4-63-2A-79-2A-DF-A2-31-49-7E">
      <ModulePath>c:\Program Files\dotnet\sdk\2.1.100-preview-007363\NuGet.DependencyResolver.Core.dll</ModulePath>
      <ModuleTime>2018-02-12T14:51:54Z</ModuleTime>
      <ModuleName>NuGet.DependencyResolver.Core</ModuleName>
      <Classes />
    </Module>
    <Module skippedDueTo="MissingPdb" hash="22-77-B0-14-6F-CB-42-16-18-4F-41-F7-C3-32-52-59-46-89-D3-1D">
      <ModulePath>c:\Program Files\dotnet\sdk\2.1.100-preview-007363\NuGet.Packaging.Core.dll</ModulePath>
      <ModuleTime>2018-02-12T14:51:54Z</ModuleTime>
      <ModuleName>NuGet.Packaging.Core</ModuleName>
      <Classes />
    </Module>
    <Module skippedDueTo="MissingPdb" hash="C9-F3-ED-00-AA-B9-97-21-57-63-F5-04-C1-9F-E4-F2-00-AE-59-89">
      <ModulePath>c:\Program Files\dotnet\sdk\2.1.100-preview-007363\Newtonsoft.Json.dll</ModulePath>
      <ModuleTime>2018-02-12T14:51:42Z</ModuleTime>
      <ModuleName>Newtonsoft.Json</ModuleName>
      <Classes />
    </Module>
    <Module skippedDueTo="Filter" hash="35-DC-CC-E9-57-61-AC-85-41-59-25-B2-9E-14-47-71-C9-E4-FC-85">
      <ModulePath>c:\Program Files\dotnet\shared\Microsoft.NETCore.App\2.0.5\System.Dynamic.Runtime.dll</ModulePath>
      <ModuleTime>2017-12-20T21:43:14Z</ModuleTime>
      <ModuleName>System.Dynamic.Runtime</ModuleName>
      <Classes />
    </Module>
    <Module skippedDueTo="Filter" hash="20-5D-75-24-58-40-A3-36-3B-61-DE-D0-E9-9E-5B-96-7F-AE-89-AE">
      <ModulePath>c:\Program Files\dotnet\shared\Microsoft.NETCore.App\2.0.5\System.Linq.Expressions.dll</ModulePath>
      <ModuleTime>2017-12-20T21:43:14Z</ModuleTime>
      <ModuleName>System.Linq.Expressions</ModuleName>
      <Classes />
    </Module>
    <Module skippedDueTo="MissingPdb" hash="36-3C-3E-F6-30-8C-EA-56-BC-CE-E9-30-43-38-5F-63-B1-CC-1A-BA">
      <ModulePath>c:\Program Files\dotnet\sdk\2.1.100-preview-007363\NuGet.LibraryModel.dll</ModulePath>
      <ModuleTime>2018-02-12T14:51:54Z</ModuleTime>
      <ModuleName>NuGet.LibraryModel</ModuleName>
      <Classes />
    </Module>
    <Module skippedDueTo="Filter" hash="00-CB-3E-8D-03-2D-1A-FE-B0-72-C0-DB-9D-9F-C7-93-82-90-CE-C3">
      <ModulePath>c:\Program Files\dotnet\shared\Microsoft.NETCore.App\2.0.5\System.Runtime.Serialization.Primitives.dll</ModulePath>
      <ModuleTime>2017-12-20T21:43:16Z</ModuleTime>
      <ModuleName>System.Runtime.Serialization.Primitives</ModuleName>
      <Classes />
    </Module>
    <Module skippedDueTo="Filter" hash="6B-FD-F4-02-2D-A1-32-9E-EE-D5-BD-34-EB-7B-26-DE-57-19-B5-DE">
      <ModulePath>c:\Program Files\dotnet\shared\Microsoft.NETCore.App\2.0.5\System.Private.CoreLib.dll</ModulePath>
      <ModuleTime>2017-12-20T21:43:18Z</ModuleTime>
      <ModuleName>System.Private.CoreLib</ModuleName>
      <Classes />
    </Module>
    <Module skippedDueTo="MissingPdb" hash="D8-8A-A9-2A-4A-F2-35-F4-59-BE-EB-2D-E2-C1-1E-3D-7A-42-38-40">
      <ModulePath>c:\Program Files\dotnet\sdk\2.1.100-preview-007363\MSBuild.dll</ModulePath>
      <ModuleTime>2018-02-12T14:51:46Z</ModuleTime>
      <ModuleName>MSBuild</ModuleName>
      <Classes />
    </Module>
    <Module skippedDueTo="Filter" hash="41-1F-8E-E9-67-29-F0-15-6D-EB-92-86-91-0B-7E-88-1E-12-8D-0C">
      <ModulePath>c:\Program Files\dotnet\shared\Microsoft.NETCore.App\2.0.5\System.Runtime.dll</ModulePath>
      <ModuleTime>2017-12-20T21:43:16Z</ModuleTime>
      <ModuleName>System.Runtime</ModuleName>
      <Classes />
    </Module>
    <Module skippedDueTo="Filter" hash="39-20-64-84-D7-D0-5A-A6-43-87-E7-0D-7F-9A-8C-6B-51-C9-F5-E9">
      <ModulePath>c:\Program Files\dotnet\shared\Microsoft.NETCore.App\2.0.5\System.Runtime.Extensions.dll</ModulePath>
      <ModuleTime>2017-12-20T21:43:16Z</ModuleTime>
      <ModuleName>System.Runtime.Extensions</ModuleName>
      <Classes />
    </Module>
    <Module skippedDueTo="Filter" hash="E6-F9-D6-79-C9-63-36-8C-A9-C1-04-E0-B6-50-AA-09-5B-ED-80-1B">
      <ModulePath>c:\Program Files\dotnet\shared\Microsoft.NETCore.App\2.0.5\System.Threading.dll</ModulePath>
      <ModuleTime>2017-12-20T21:43:18Z</ModuleTime>
      <ModuleName>System.Threading</ModuleName>
      <Classes />
    </Module>
    <Module skippedDueTo="Filter" hash="57-51-2E-09-50-36-05-C8-F5-3A-5E-09-66-60-1C-C9-B9-9B-16-04">
      <ModulePath>c:\Program Files\dotnet\shared\Microsoft.NETCore.App\2.0.5\System.Reflection.dll</ModulePath>
      <ModuleTime>2017-12-20T21:43:16Z</ModuleTime>
      <ModuleName>System.Reflection</ModuleName>
      <Classes />
    </Module>
    <Module skippedDueTo="Filter" hash="D9-7F-DA-4C-A6-F9-66-9D-7C-99-6A-18-05-86-52-E9-60-8D-0B-5D">
      <ModulePath>c:\Program Files\dotnet\shared\Microsoft.NETCore.App\2.0.5\System.Reflection.TypeExtensions.dll</ModulePath>
      <ModuleTime>2017-12-20T21:43:16Z</ModuleTime>
      <ModuleName>System.Reflection.TypeExtensions</ModuleName>
      <Classes />
    </Module>
    <Module skippedDueTo="Filter" hash="27-FF-EA-22-FA-1B-89-4C-8C-CB-93-D8-4D-E5-1F-34-F6-8A-6B-CE">
      <ModulePath>c:\Program Files\dotnet\shared\Microsoft.NETCore.App\2.0.5\System.Globalization.dll</ModulePath>
      <ModuleTime>2017-12-20T21:43:14Z</ModuleTime>
      <ModuleName>System.Globalization</ModuleName>
      <Classes />
    </Module>
    <Module skippedDueTo="Filter" hash="62-96-BF-2C-F9-33-5D-7F-8C-13-D2-55-CA-DA-99-3C-FF-CE-25-63">
      <ModulePath>c:\Program Files\dotnet\shared\Microsoft.NETCore.App\2.0.5\System.IO.FileSystem.dll</ModulePath>
      <ModuleTime>2017-12-20T21:43:14Z</ModuleTime>
      <ModuleName>System.IO.FileSystem</ModuleName>
      <Classes />
    </Module>
    <Module skippedDueTo="Filter" hash="11-1D-A8-A9-0E-B7-F5-02-3A-DE-28-0A-99-E7-FF-1C-E9-B7-8F-3D">
      <ModulePath>c:\Program Files\dotnet\shared\Microsoft.NETCore.App\2.0.5\System.Linq.dll</ModulePath>
      <ModuleTime>2017-12-20T21:43:16Z</ModuleTime>
      <ModuleName>System.Linq</ModuleName>
      <Classes />
    </Module>
    <Module skippedDueTo="Filter" hash="35-F5-AE-30-21-12-A3-3B-04-7D-44-88-0F-99-2F-E5-EB-9A-C8-A5">
      <ModulePath>c:\Program Files\dotnet\shared\Microsoft.NETCore.App\2.0.5\System.Text.RegularExpressions.dll</ModulePath>
      <ModuleTime>2017-12-20T21:43:18Z</ModuleTime>
      <ModuleName>System.Text.RegularExpressions</ModuleName>
      <Classes />
    </Module>
    <Module skippedDueTo="Filter" hash="EB-D5-85-1D-63-0E-26-A0-A2-87-8B-C7-75-30-5F-1B-02-57-65-64">
      <ModulePath>c:\Program Files\dotnet\shared\Microsoft.NETCore.App\2.0.5\System.Runtime.InteropServices.RuntimeInformation.dll</ModulePath>
      <ModuleTime>2017-12-20T21:43:16Z</ModuleTime>
      <ModuleName>System.Runtime.InteropServices.RuntimeInformation</ModuleName>
      <Classes />
    </Module>
    <Module skippedDueTo="Filter" hash="CD-27-4E-FD-67-2D-90-A9-46-6A-BC-AE-CC-0D-1A-35-51-BA-78-D1">
      <ModulePath>c:\Program Files\dotnet\shared\Microsoft.NETCore.App\2.0.5\System.Collections.dll</ModulePath>
      <ModuleTime>2017-12-20T21:43:14Z</ModuleTime>
      <ModuleName>System.Collections</ModuleName>
      <Classes />
    </Module>
    <Module skippedDueTo="Filter" hash="B5-05-9F-47-D9-B8-DC-49-D5-D5-06-B6-30-3D-DB-39-94-F8-25-1B">
      <ModulePath>c:\Program Files\dotnet\shared\Microsoft.NETCore.App\2.0.5\System.Runtime.InteropServices.dll</ModulePath>
      <ModuleTime>2017-12-20T21:43:16Z</ModuleTime>
      <ModuleName>System.Runtime.InteropServices</ModuleName>
      <Classes />
    </Module>
    <Module skippedDueTo="Filter" hash="CB-5D-AF-E0-6F-08-BA-B5-94-92-31-00-DC-C5-F0-3D-FA-CB-16-78">
      <ModulePath>c:\Program Files\dotnet\shared\Microsoft.NETCore.App\2.0.5\System.Console.dll</ModulePath>
      <ModuleTime>2017-12-20T21:43:14Z</ModuleTime>
      <ModuleName>System.Console</ModuleName>
      <Classes />
    </Module>
    <Module skippedDueTo="Filter" hash="51-C2-8E-5D-FC-F3-88-D1-CD-DE-BB-6D-74-11-AD-D9-4B-1D-A6-88">
      <ModulePath>c:\Program Files\dotnet\shared\Microsoft.NETCore.App\2.0.5\System.Diagnostics.Process.dll</ModulePath>
      <ModuleTime>2017-12-20T21:43:14Z</ModuleTime>
      <ModuleName>System.Diagnostics.Process</ModuleName>
      <Classes />
    </Module>
    <Module skippedDueTo="Filter" hash="09-C8-71-E7-F6-68-C3-70-8C-E9-4A-97-5C-91-E8-8C-68-4F-BD-67">
      <ModulePath>c:\Program Files\dotnet\shared\Microsoft.NETCore.App\2.0.5\System.ComponentModel.Primitives.dll</ModulePath>
      <ModuleTime>2017-12-20T21:43:14Z</ModuleTime>
      <ModuleName>System.ComponentModel.Primitives</ModuleName>
      <Classes />
    </Module>
    <Module skippedDueTo="MissingPdb" hash="9A-DD-11-02-21-31-07-0B-D8-2C-8D-83-BE-A5-35-1A-05-37-9A-72">
      <ModulePath>c:\Program Files\dotnet\sdk\2.1.100-preview-007363\Microsoft.Build.Framework.dll</ModulePath>
      <ModuleTime>2018-02-12T14:52:18Z</ModuleTime>
      <ModuleName>Microsoft.Build.Framework</ModuleName>
      <Classes />
    </Module>
    <Module skippedDueTo="Filter" hash="16-8B-5C-B4-09-1A-39-6B-32-EA-F8-67-7F-7B-56-F1-65-00-CF-6C">
      <ModulePath>c:\Program Files\dotnet\shared\Microsoft.NETCore.App\2.0.5\System.IO.dll</ModulePath>
      <ModuleTime>2017-12-20T21:43:14Z</ModuleTime>
      <ModuleName>System.IO</ModuleName>
      <Classes />
    </Module>
    <Module skippedDueTo="MissingPdb" hash="C2-31-0C-1B-8E-B4-6F-88-F9-4E-26-D7-9E-0E-F5-50-89-A4-31-81">
      <ModulePath>c:\Program Files\dotnet\sdk\2.1.100-preview-007363\Microsoft.Build.dll</ModulePath>
      <ModuleTime>2018-02-12T14:52:20Z</ModuleTime>
      <ModuleName>Microsoft.Build</ModuleName>
      <Classes />
    </Module>
    <Module skippedDueTo="Filter" hash="E7-3A-AE-E8-2B-14-3B-97-49-A3-F9-92-72-35-D5-57-E4-F5-5F-5E">
      <ModulePath>c:\Program Files\dotnet\sdk\2.1.100-preview-007363\runtimes\win\lib\netstandard1.3\System.Text.Encoding.CodePages.dll</ModulePath>
      <ModuleTime>2018-02-12T14:51:48Z</ModuleTime>
      <ModuleName>System.Text.Encoding.CodePages</ModuleName>
      <Classes />
    </Module>
    <Module skippedDueTo="Filter" hash="86-38-1F-10-F9-45-4E-1D-E5-CD-9A-E3-1B-A2-C8-15-BC-7F-8D-A8">
      <ModulePath>c:\Program Files\dotnet\shared\Microsoft.NETCore.App\2.0.5\System.Text.Encoding.dll</ModulePath>
      <ModuleTime>2017-12-20T21:43:18Z</ModuleTime>
      <ModuleName>System.Text.Encoding</ModuleName>
      <Classes />
    </Module>
    <Module skippedDueTo="Filter" hash="31-3F-28-D7-F6-F8-07-E2-5B-6C-5B-9A-4D-62-A4-8E-04-C7-6A-70">
      <ModulePath>c:\Program Files\dotnet\shared\Microsoft.NETCore.App\2.0.5\System.Collections.NonGeneric.dll</ModulePath>
      <ModuleTime>2017-12-20T21:43:14Z</ModuleTime>
      <ModuleName>System.Collections.NonGeneric</ModuleName>
      <Classes />
    </Module>
    <Module skippedDueTo="Filter" hash="82-95-DE-D4-D6-42-93-7A-86-68-E5-8F-AF-86-43-C2-89-C3-DE-4E">
      <ModulePath>c:\Program Files\dotnet\shared\Microsoft.NETCore.App\2.0.5\System.Collections.Concurrent.dll</ModulePath>
[...]
      <ModuleTime>2017-12-20T21:43:16Z</ModuleTime>
      <ModuleName>System.Linq.Queryable</ModuleName>
      <Classes />
    </Module>
    <Module skippedDueTo="Filter" hash="92-79-9A-97-8A-3B-B4-27-D3-7C-DD-4D-7C-4B-FD-66-5C-DC-C9-55">
      <ModulePath>c:\Program Files\dotnet\shared\Microsoft.NETCore.App\2.0.5\System.Net.HttpListener.dll</ModulePath>
      <ModuleTime>2017-12-20T21:43:16Z</ModuleTime>
      <ModuleName>System.Net.HttpListener</ModuleName>
      <Classes />
    </Module>
    <Module skippedDueTo="Filter" hash="11-F3-0A-41-87-C5-95-B7-B9-FC-75-A4-23-1C-C7-3F-D6-82-40-70">
      <ModulePath>c:\Program Files\dotnet\shared\Microsoft.NETCore.App\2.0.5\System.Net.Mail.dll</ModulePath>
      <ModuleTime>2017-12-20T21:43:16Z</ModuleTime>
      <ModuleName>System.Net.Mail</ModuleName>
      <Classes />
    </Module>
    <Module skippedDueTo="Filter" hash="DB-54-9E-50-F7-0C-5B-1F-76-F3-C4-AB-FF-B1-73-20-7E-EC-50-8D">
      <ModulePath>c:\Program Files\dotnet\shared\Microsoft.NETCore.App\2.0.5\System.Net.NetworkInformation.dll</ModulePath>
      <ModuleTime>2017-12-20T21:43:16Z</ModuleTime>
      <ModuleName>System.Net.NetworkInformation</ModuleName>
      <Classes />
    </Module>
    <Module skippedDueTo="Filter" hash="21-B8-EF-1E-6E-E1-F0-19-96-8A-4B-81-E1-74-5E-CE-32-38-AD-47">
      <ModulePath>c:\Program Files\dotnet\shared\Microsoft.NETCore.App\2.0.5\System.Net.Ping.dll</ModulePath>
      <ModuleTime>2017-12-20T21:43:16Z</ModuleTime>
      <ModuleName>System.Net.Ping</ModuleName>
      <Classes />
    </Module>
    <Module skippedDueTo="Filter" hash="5D-44-A4-A5-0A-A0-4C-D3-65-9B-DA-49-7C-E2-62-81-AE-56-24-3D">
      <ModulePath>c:\Program Files\dotnet\shared\Microsoft.NETCore.App\2.0.5\System.Net.Requests.dll</ModulePath>
      <ModuleTime>2017-12-20T21:43:16Z</ModuleTime>
      <ModuleName>System.Net.Requests</ModuleName>
      <Classes />
    </Module>
    <Module skippedDueTo="Filter" hash="60-54-CA-56-D4-D4-5E-6D-86-F6-E1-56-57-1A-2D-B2-8D-B1-2A-7D">
      <ModulePath>c:\Program Files\dotnet\shared\Microsoft.NETCore.App\2.0.5\System.Net.Security.dll</ModulePath>
      <ModuleTime>2017-12-20T21:43:16Z</ModuleTime>
      <ModuleName>System.Net.Security</ModuleName>
      <Classes />
    </Module>
    <Module skippedDueTo="Filter" hash="F3-A8-70-53-6D-BD-2E-C7-E8-14-0B-64-EC-F3-42-0D-CD-DF-78-80">
      <ModulePath>c:\Program Files\dotnet\shared\Microsoft.NETCore.App\2.0.5\System.Net.ServicePoint.dll</ModulePath>
      <ModuleTime>2017-12-20T21:43:16Z</ModuleTime>
      <ModuleName>System.Net.ServicePoint</ModuleName>
      <Classes />
    </Module>
    <Module skippedDueTo="Filter" hash="F7-39-D8-51-6B-2F-51-79-1A-94-10-62-8D-24-0C-8F-33-CC-68-63">
      <ModulePath>c:\Program Files\dotnet\shared\Microsoft.NETCore.App\2.0.5\System.Net.WebClient.dll</ModulePath>
      <ModuleTime>2017-12-20T21:43:16Z</ModuleTime>
      <ModuleName>System.Net.WebClient</ModuleName>
      <Classes />
    </Module>
    <Module skippedDueTo="Filter" hash="17-F1-48-F7-36-37-59-A9-C3-68-BA-9F-CB-15-D8-A8-F4-8C-63-9C">
      <ModulePath>c:\Program Files\dotnet\shared\Microsoft.NETCore.App\2.0.5\System.Net.WebHeaderCollection.dll</ModulePath>
      <ModuleTime>2017-12-20T21:43:16Z</ModuleTime>
      <ModuleName>System.Net.WebHeaderCollection</ModuleName>
      <Classes />
    </Module>
    <Module skippedDueTo="Filter" hash="EC-2E-E9-E7-F5-86-48-5A-E7-AC-33-07-17-91-87-24-55-1F-45-63">
      <ModulePath>c:\Program Files\dotnet\shared\Microsoft.NETCore.App\2.0.5\System.Net.WebProxy.dll</ModulePath>
      <ModuleTime>2017-12-20T21:43:16Z</ModuleTime>
      <ModuleName>System.Net.WebProxy</ModuleName>
      <Classes />
    </Module>
    <Module skippedDueTo="Filter" hash="73-F1-69-D4-EA-4D-68-A7-40-FE-3A-16-44-86-1B-34-FA-C5-46-C6">
      <ModulePath>c:\Program Files\dotnet\shared\Microsoft.NETCore.App\2.0.5\System.Net.WebSockets.Client.dll</ModulePath>
      <ModuleTime>2017-12-20T21:43:16Z</ModuleTime>
      <ModuleName>System.Net.WebSockets.Client</ModuleName>
      <Classes />
    </Module>
    <Module skippedDueTo="Filter" hash="10-A5-DD-E9-09-4A-6D-F7-B3-34-66-7F-D9-9A-FC-7A-4E-FA-63-BC">
      <ModulePath>c:\Program Files\dotnet\shared\Microsoft.NETCore.App\2.0.5\System.Net.dll</ModulePath>
      <ModuleTime>2017-12-20T21:43:16Z</ModuleTime>
      <ModuleName>System.Net</ModuleName>
      <Classes />
    </Module>
    <Module skippedDueTo="Filter" hash="BA-58-28-03-20-74-B5-DF-CB-63-C1-1F-29-AC-2E-98-AD-CC-9B-6C">
      <ModulePath>c:\Program Files\dotnet\shared\Microsoft.NETCore.App\2.0.5\System.Numerics.Vectors.dll</ModulePath>
      <ModuleTime>2017-12-20T21:43:16Z</ModuleTime>
      <ModuleName>System.Numerics.Vectors</ModuleName>
      <Classes />
    </Module>
    <Module skippedDueTo="Filter" hash="52-2B-61-96-B8-F2-48-9E-D2-F8-92-21-6C-01-23-06-FC-E1-36-D9">
      <ModulePath>c:\Program Files\dotnet\shared\Microsoft.NETCore.App\2.0.5\System.Numerics.dll</ModulePath>
      <ModuleTime>2017-12-20T21:43:16Z</ModuleTime>
      <ModuleName>System.Numerics</ModuleName>
      <Classes />
    </Module>
    <Module skippedDueTo="Filter" hash="79-DD-89-72-B5-C9-93-6F-6A-D4-16-80-7C-4A-83-CE-8B-6A-3F-AD">
      <ModulePath>c:\Program Files\dotnet\shared\Microsoft.NETCore.App\2.0.5\System.Private.DataContractSerialization.dll</ModulePath>
      <ModuleTime>2017-12-20T21:43:16Z</ModuleTime>
      <ModuleName>System.Private.DataContractSerialization</ModuleName>
      <Classes />
    </Module>
    <Module skippedDueTo="Filter" hash="86-D3-38-A8-80-2A-B6-C5-48-B4-49-6D-53-89-48-C6-33-88-7D-B2">
      <ModulePath>c:\Program Files\dotnet\shared\Microsoft.NETCore.App\2.0.5\System.Threading.Tasks.Extensions.dll</ModulePath>
      <ModuleTime>2017-12-20T21:43:18Z</ModuleTime>
      <ModuleName>System.Threading.Tasks.Extensions</ModuleName>
      <Classes />
    </Module>
    <Module skippedDueTo="Filter" hash="4D-27-F0-ED-41-63-86-F1-A9-58-DD-4E-9F-BE-C9-DC-93-A4-16-DA">
      <ModulePath>c:\Program Files\dotnet\shared\Microsoft.NETCore.App\2.0.5\System.Reflection.DispatchProxy.dll</ModulePath>
      <ModuleTime>2017-12-20T21:43:16Z</ModuleTime>
      <ModuleName>System.Reflection.DispatchProxy</ModuleName>
      <Classes />
    </Module>
    <Module skippedDueTo="Filter" hash="59-4D-53-1D-0D-AA-AE-B6-B5-39-0D-F4-B7-84-33-2D-F6-AC-D6-B1">
      <ModulePath>c:\Program Files\dotnet\shared\Microsoft.NETCore.App\2.0.5\System.Reflection.Emit.dll</ModulePath>
      <ModuleTime>2017-12-20T21:43:16Z</ModuleTime>
      <ModuleName>System.Reflection.Emit</ModuleName>
      <Classes />
    </Module>
    <Module skippedDueTo="Filter" hash="FB-22-37-62-76-65-51-4F-3F-1A-76-50-DA-1C-C1-C9-75-8B-90-37">
      <ModulePath>c:\Program Files\dotnet\shared\Microsoft.NETCore.App\2.0.5\System.Resources.Reader.dll</ModulePath>
      <ModuleTime>2017-12-20T21:43:16Z</ModuleTime>
      <ModuleName>System.Resources.Reader</ModuleName>
      <Classes />
    </Module>
    <Module skippedDueTo="Filter" hash="82-A5-C7-E9-5B-1C-3B-AC-79-6A-26-C2-14-45-45-80-7F-B6-DB-4B">
      <ModulePath>c:\Program Files\dotnet\shared\Microsoft.NETCore.App\2.0.5\System.Resources.Writer.dll</ModulePath>
      <ModuleTime>2017-12-20T21:43:16Z</ModuleTime>
      <ModuleName>System.Resources.Writer</ModuleName>
      <Classes />
    </Module>
    <Module skippedDueTo="Filter" hash="F2-B6-1E-C4-F9-62-D5-C7-2E-CB-26-C4-A7-96-09-E7-8D-E8-0A-40">
      <ModulePath>c:\Program Files\dotnet\shared\Microsoft.NETCore.App\2.0.5\System.Runtime.CompilerServices.VisualC.dll</ModulePath>
      <ModuleTime>2017-12-20T21:43:16Z</ModuleTime>
      <ModuleName>System.Runtime.CompilerServices.VisualC</ModuleName>
      <Classes />
    </Module>
    <Module skippedDueTo="Filter" hash="9A-70-A6-50-0F-28-79-0D-1F-D8-33-79-CE-2C-B1-CC-DA-2F-9B-10">
      <ModulePath>c:\Program Files\dotnet\shared\Microsoft.NETCore.App\2.0.5\System.Runtime.Handles.dll</ModulePath>
      <ModuleTime>2017-12-20T21:43:16Z</ModuleTime>
      <ModuleName>System.Runtime.Handles</ModuleName>
      <Classes />
    </Module>
    <Module skippedDueTo="Filter" hash="F2-4F-0A-13-93-A8-1E-F7-C0-31-47-F9-FF-58-B6-31-37-99-5E-6B">
      <ModulePath>c:\Program Files\dotnet\shared\Microsoft.NETCore.App\2.0.5\System.Runtime.InteropServices.WindowsRuntime.dll</ModulePath>
      <ModuleTime>2017-12-20T21:43:16Z</ModuleTime>
      <ModuleName>System.Runtime.InteropServices.WindowsRuntime</ModuleName>
      <Classes />
    </Module>
    <Module skippedDueTo="Filter" hash="42-94-EE-48-F9-12-52-31-81-D0-2C-52-D9-3D-22-80-B2-EA-87-EF">
      <ModulePath>c:\Program Files\dotnet\shared\Microsoft.NETCore.App\2.0.5\System.Runtime.Serialization.Json.dll</ModulePath>
      <ModuleTime>2017-12-20T21:43:16Z</ModuleTime>
      <ModuleName>System.Runtime.Serialization.Json</ModuleName>
      <Classes />
    </Module>
    <Module skippedDueTo="Filter" hash="1D-64-8B-E0-BE-2B-B1-C8-20-B9-99-E2-04-2B-B7-93-40-E0-42-5C">
      <ModulePath>c:\Program Files\dotnet\shared\Microsoft.NETCore.App\2.0.5\System.Runtime.Serialization.Xml.dll</ModulePath>
      <ModuleTime>2017-12-20T21:43:16Z</ModuleTime>
      <ModuleName>System.Runtime.Serialization.Xml</ModuleName>
      <Classes />
    </Module>
    <Module skippedDueTo="Filter" hash="EE-4D-A6-D4-07-BC-4F-16-38-52-96-7D-30-33-93-01-55-92-89-38">
      <ModulePath>c:\Program Files\dotnet\shared\Microsoft.NETCore.App\2.0.5\System.Runtime.Serialization.dll</ModulePath>
      <ModuleTime>2017-12-20T21:43:16Z</ModuleTime>
      <ModuleName>System.Runtime.Serialization</ModuleName>
      <Classes />
    </Module>
    <Module skippedDueTo="Filter" hash="B1-4F-E4-7C-A1-BF-99-56-1C-1B-9B-DF-BD-35-7F-31-64-7E-3E-F9">
      <ModulePath>c:\Program Files\dotnet\shared\Microsoft.NETCore.App\2.0.5\System.Security.Cryptography.Encoding.dll</ModulePath>
      <ModuleTime>2017-12-20T21:43:16Z</ModuleTime>
      <ModuleName>System.Security.Cryptography.Encoding</ModuleName>
      <Classes />
    </Module>
    <Module skippedDueTo="Filter" hash="FD-B3-8B-F3-1D-01-FD-D6-3D-6B-D3-FC-8C-0B-5A-3F-13-66-FE-53">
      <ModulePath>c:\Program Files\dotnet\shared\Microsoft.NETCore.App\2.0.5\System.Security.Cryptography.Cng.dll</ModulePath>
      <ModuleTime>2017-12-20T21:43:16Z</ModuleTime>
      <ModuleName>System.Security.Cryptography.Cng</ModuleName>
      <Classes />
    </Module>
    <Module skippedDueTo="Filter" hash="9F-C7-F8-FB-01-7C-25-27-E2-56-00-3C-5C-99-96-7A-8D-75-5D-73">
      <ModulePath>c:\Program Files\dotnet\shared\Microsoft.NETCore.App\2.0.5\System.Security.Cryptography.Csp.dll</ModulePath>
      <ModuleTime>2017-12-20T21:43:16Z</ModuleTime>
      <ModuleName>System.Security.Cryptography.Csp</ModuleName>
      <Classes />
    </Module>
    <Module skippedDueTo="Filter" hash="8C-FF-76-D9-77-A6-FB-3C-32-24-43-EB-2A-D9-1A-28-42-26-86-11">
      <ModulePath>c:\Program Files\dotnet\shared\Microsoft.NETCore.App\2.0.5\System.Security.Cryptography.OpenSsl.dll</ModulePath>
      <ModuleTime>2017-12-20T21:43:16Z</ModuleTime>
      <ModuleName>System.Security.Cryptography.OpenSsl</ModuleName>
      <Classes />
    </Module>
    <Module skippedDueTo="Filter" hash="CA-3E-C7-37-5D-3F-F5-8D-72-FF-C3-DE-38-0A-E6-98-3C-8B-D3-96">
      <ModulePath>c:\Program Files\dotnet\shared\Microsoft.NETCore.App\2.0.5\System.Security.SecureString.dll</ModulePath>
      <ModuleTime>2017-12-20T21:43:18Z</ModuleTime>
      <ModuleName>System.Security.SecureString</ModuleName>
      <Classes />
    </Module>
    <Module skippedDueTo="Filter" hash="BB-54-82-3E-24-F5-3F-31-D3-0E-F4-2D-BC-3D-03-4A-03-6D-1F-60">
      <ModulePath>c:\Program Files\dotnet\shared\Microsoft.NETCore.App\2.0.5\System.Security.dll</ModulePath>
      <ModuleTime>2017-12-20T21:43:18Z</ModuleTime>
      <ModuleName>System.Security</ModuleName>
      <Classes />
    </Module>
    <Module skippedDueTo="Filter" hash="9A-DE-DA-E4-13-07-3E-96-70-DC-53-13-86-38-54-A6-6F-F9-F5-23">
      <ModulePath>c:\Program Files\dotnet\shared\Microsoft.NETCore.App\2.0.5\System.ServiceModel.Web.dll</ModulePath>
      <ModuleTime>2017-12-20T21:43:18Z</ModuleTime>
      <ModuleName>System.ServiceModel.Web</ModuleName>
      <Classes />
    </Module>
    <Module skippedDueTo="Filter" hash="8C-EE-E7-B5-D6-A9-F2-5D-DD-CB-CA-A7-A6-D7-B0-D5-97-93-F9-DC">
      <ModulePath>c:\Program Files\dotnet\shared\Microsoft.NETCore.App\2.0.5\System.ServiceProcess.dll</ModulePath>
      <ModuleTime>2017-12-20T21:43:18Z</ModuleTime>
      <ModuleName>System.ServiceProcess</ModuleName>
      <Classes />
    </Module>
    <Module skippedDueTo="Filter" hash="36-18-90-38-AF-FF-9C-6F-4A-19-8E-15-21-40-35-4F-9F-F0-D8-0E">
      <ModulePath>c:\Program Files\dotnet\shared\Microsoft.NETCore.App\2.0.5\System.Threading.Tasks.Dataflow.dll</ModulePath>
      <ModuleTime>2017-12-20T21:43:18Z</ModuleTime>
      <ModuleName>System.Threading.Tasks.Dataflow</ModuleName>
      <Classes />
    </Module>
    <Module skippedDueTo="Filter" hash="87-54-ED-76-7A-BD-5B-3D-F9-EE-1A-91-BC-73-06-46-AD-EF-D2-9E">
      <ModulePath>c:\Program Files\dotnet\shared\Microsoft.NETCore.App\2.0.5\System.Threading.Tasks.Parallel.dll</ModulePath>
      <ModuleTime>2017-12-20T21:43:18Z</ModuleTime>
      <ModuleName>System.Threading.Tasks.Parallel</ModuleName>
      <Classes />
    </Module>
    <Module skippedDueTo="Filter" hash="E0-CA-FD-F0-0C-6E-52-39-7A-EF-F1-48-E0-CD-C2-9D-E5-79-E6-78">
      <ModulePath>c:\Program Files\dotnet\shared\Microsoft.NETCore.App\2.0.5\System.Threading.Thread.dll</ModulePath>
      <ModuleTime>2017-12-20T21:43:18Z</ModuleTime>
      <ModuleName>System.Threading.Thread</ModuleName>
      <Classes />
    </Module>
    <Module skippedDueTo="Filter" hash="3E-5A-7E-E5-5C-20-09-AC-A5-73-26-12-49-0D-3C-1D-AE-54-2B-47">
      <ModulePath>c:\Program Files\dotnet\shared\Microsoft.NETCore.App\2.0.5\System.Transactions.dll</ModulePath>
      <ModuleTime>2017-12-20T21:43:18Z</ModuleTime>
      <ModuleName>System.Transactions</ModuleName>
      <Classes />
    </Module>
    <Module skippedDueTo="Filter" hash="10-29-3E-2C-D9-70-9E-C1-36-F4-F9-84-F2-73-35-90-7F-C9-34-53">
      <ModulePath>c:\Program Files\dotnet\shared\Microsoft.NETCore.App\2.0.5\System.Web.HttpUtility.dll</ModulePath>
      <ModuleTime>2017-12-20T21:43:18Z</ModuleTime>
      <ModuleName>System.Web.HttpUtility</ModuleName>
      <Classes />
    </Module>
    <Module skippedDueTo="Filter" hash="30-B9-0A-4B-1A-71-08-E7-0F-81-1A-CF-62-6B-75-07-22-16-CB-74">
      <ModulePath>c:\Program Files\dotnet\shared\Microsoft.NETCore.App\2.0.5\System.Web.dll</ModulePath>
      <ModuleTime>2017-12-20T21:43:18Z</ModuleTime>
      <ModuleName>System.Web</ModuleName>
      <Classes />
    </Module>
    <Module skippedDueTo="Filter" hash="0A-F8-34-F4-DA-61-90-FD-63-02-C2-93-0F-83-8B-D1-32-6E-E9-6B">
      <ModulePath>c:\Program Files\dotnet\shared\Microsoft.NETCore.App\2.0.5\System.Windows.dll</ModulePath>
      <ModuleTime>2017-12-20T21:43:18Z</ModuleTime>
      <ModuleName>System.Windows</ModuleName>
      <Classes />
    </Module>
    <Module skippedDueTo="Filter" hash="4A-F4-C1-DA-AD-1F-24-81-C3-A2-63-90-3C-2E-5E-C9-B1-72-E2-32">
      <ModulePath>c:\Program Files\dotnet\shared\Microsoft.NETCore.App\2.0.5\System.Xml.Linq.dll</ModulePath>
      <ModuleTime>2017-12-20T21:43:18Z</ModuleTime>
      <ModuleName>System.Xml.Linq</ModuleName>
      <Classes />
    </Module>
    <Module skippedDueTo="Filter" hash="D3-0E-BD-B5-E6-14-C7-2A-D9-58-28-49-58-D3-BC-35-BF-64-F1-45">
      <ModulePath>c:\Program Files\dotnet\shared\Microsoft.NETCore.App\2.0.5\System.Xml.Serialization.dll</ModulePath>
      <ModuleTime>2017-12-20T21:43:18Z</ModuleTime>
      <ModuleName>System.Xml.Serialization</ModuleName>
      <Classes />
    </Module>
    <Module skippedDueTo="Filter" hash="0F-AC-8A-03-38-15-78-90-25-CD-61-8B-F0-E6-6E-5A-6E-97-9D-3C">
      <ModulePath>c:\Program Files\dotnet\shared\Microsoft.NETCore.App\2.0.5\System.Xml.XPath.XDocument.dll</ModulePath>
      <ModuleTime>2017-12-20T21:43:18Z</ModuleTime>
      <ModuleName>System.Xml.XPath.XDocument</ModuleName>
      <Classes />
    </Module>
    <Module skippedDueTo="Filter" hash="4F-E1-B0-89-B9-82-ED-0D-4A-18-3B-9C-58-7F-0C-69-A0-47-CF-D3">
      <ModulePath>c:\Program Files\dotnet\shared\Microsoft.NETCore.App\2.0.5\System.Xml.XmlSerializer.dll</ModulePath>
      <ModuleTime>2017-12-20T21:43:18Z</ModuleTime>
      <ModuleName>System.Xml.XmlSerializer</ModuleName>
      <Classes />
    </Module>
    <Module skippedDueTo="Filter" hash="97-2E-7B-32-8C-A3-11-06-06-DB-37-CB-A7-6D-0E-30-BF-DB-E7-BC">
      <ModulePath>c:\Program Files\dotnet\shared\Microsoft.NETCore.App\2.0.5\System.Xml.dll</ModulePath>
      <ModuleTime>2017-12-20T21:43:18Z</ModuleTime>
      <ModuleName>System.Xml</ModuleName>
      <Classes />
    </Module>
    <Module skippedDueTo="Filter" hash="B2-7B-67-AE-DE-EA-75-D5-A1-18-CE-CC-24-56-68-E1-85-52-FF-51">
      <ModulePath>c:\Program Files\dotnet\shared\Microsoft.NETCore.App\2.0.5\System.dll</ModulePath>
      <ModuleTime>2017-12-20T21:43:18Z</ModuleTime>
      <ModuleName>System</ModuleName>
      <Classes />
    </Module>
    <Module skippedDueTo="MissingPdb" hash="6D-72-1C-86-D3-53-63-81-79-9F-45-78-FC-80-F5-7C-B0-C6-CA-D8">
      <ModulePath>c:\Program Files\dotnet\shared\Microsoft.NETCore.App\2.0.5\WindowsBase.dll</ModulePath>
      <ModuleTime>2017-12-20T21:43:18Z</ModuleTime>
      <ModuleName>WindowsBase</ModuleName>
      <Classes />
    </Module>
    <Module skippedDueTo="MissingPdb" hash="BA-3E-F1-20-F6-B0-19-C7-29-8E-BA-D4-BF-FB-23-BD-E4-6F-64-01">
      <ModulePath>D:\Documents\Github\ImageGallery.Client\test\ImageGallery.Client.Test\bin\Debug\netcoreapp2.0\xunit.runner.reporters.netcoreapp10.dll</ModulePath>
      <ModuleTime>2018-02-12T08:17:38Z</ModuleTime>
      <ModuleName>xunit.runner.reporters.netcoreapp10</ModuleName>
      <Classes />
    </Module>
    <Module skippedDueTo="MissingPdb" hash="D8-A2-CE-3D-9D-43-E1-3B-4D-9A-42-85-D6-CC-A6-E0-50-B8-79-7F">
      <ModulePath>D:\Documents\Github\ImageGallery.Client\test\ImageGallery.Client.Test\bin\Debug\netcoreapp2.0\xunit.runner.visualstudio.dotnetcore.testadapter.dll</ModulePath>
      <ModuleTime>2018-02-12T08:17:40Z</ModuleTime>
      <ModuleName>xunit.runner.visualstudio.dotnetcore.testadapter</ModuleName>
      <Classes />
    </Module>
    <Module skippedDueTo="Filter" hash="09-7C-8E-20-AE-A6-0D-22-D4-19-14-B8-A4-26-17-B8-B2-41-BB-D4">
      <ModulePath>c:\Program Files\dotnet\shared\Microsoft.NETCore.App\2.0.5\System.ComponentModel.TypeConverter.dll</ModulePath>
      <ModuleTime>2017-12-20T21:43:14Z</ModuleTime>
      <ModuleName>System.ComponentModel.TypeConverter</ModuleName>
      <Classes />
    </Module>
    <Module skippedDueTo="Filter" hash="42-94-EE-48-F9-12-52-31-81-D0-2C-52-D9-3D-22-80-B2-EA-87-EF">
      <ModulePath>c:\Program Files\dotnet\shared\Microsoft.NETCore.App\2.0.5\System.Runtime.Serialization.Json.dll</ModulePath>
      <ModuleTime>2017-12-20T21:43:16Z</ModuleTime>
      <ModuleName>System.Runtime.Serialization.Json</ModuleName>
      <Classes />
    </Module>
    <Module skippedDueTo="Filter" hash="79-DD-89-72-B5-C9-93-6F-6A-D4-16-80-7C-4A-83-CE-8B-6A-3F-AD">
      <ModulePath>c:\Program Files\dotnet\shared\Microsoft.NETCore.App\2.0.5\System.Private.DataContractSerialization.dll</ModulePath>
      <ModuleTime>2017-12-20T21:43:16Z</ModuleTime>
      <ModuleName>System.Private.DataContractSerialization</ModuleName>
      <Classes />
    </Module>
    <Module skippedDueTo="Filter" hash="1D-3C-FC-DC-0F-16-CB-89-AD-14-01-BA-27-6B-56-E7-5E-E8-40-83">
      <ModulePath>c:\Program Files\dotnet\shared\Microsoft.NETCore.App\2.0.5\System.Runtime.Serialization.Formatters.dll</ModulePath>
      <ModuleTime>2017-12-20T21:43:16Z</ModuleTime>
      <ModuleName>System.Runtime.Serialization.Formatters</ModuleName>
      <Classes />
    </Module>
  </Modules>
</CoverageSession>